[2019-01-28 15:20:51.626] [INFO] console - [ [ { object: [Object], key: undefined },
    { object: [Object], key: undefined } ],
  [ { object: [Object], key: undefined },
    { object: [Object], key: undefined } ],
  { object: 
     { content: '> 这是第一篇文档\n```\nconst  schema  =  mongoose.Schema({\n\nrole:  String, // 角色\n\nname:  String, // name\n\npass:  String,\n\ntype: { type:  String }, // 类型 \'0\'：新开账号 \'1\'：密码重置\n\ndeleted: { type:  Boolean, default:  false },\n\ncreate_time: { type:  Number, default:  getTime },\n\nupdate_time:  Number,\n\ncorrelate:  ObjectId\n\n});\n```' },
    key: undefined } ] 'results'
[2019-01-28 15:20:51.668] [INFO] http - ::ffff:127.0.0.1 - - "POST /posts/create HTTP/1.1" 200 13 "http://localhost:9000/document/new" "Mozilla/5.0 (Macintosh; Intel Mac OS X 10_14_0) AppleWebKit/537.36 (KHTML, like Gecko) Chrome/71.0.3578.98 Safari/537.36"
[2019-01-28 15:20:55.044] [INFO] console - [ [ { object: [Object], key: undefined },
    { object: [Object], key: undefined } ] ] 'results'
[2019-01-28 15:20:55.053] [INFO] console - [ { _id: 5c4ead5328b191293cb6ed4e,
    title: '第一篇文档',
    author: '5c4a6b17c81cb7496c3570f4',
    type: 'public',
    __v: 0,
    create_time: 1548660051637,
    deleted: false },
  { _id: 5c4ea2ca3309a7963a0151e2,
    title: 'test zlx 4',
    author: '5c4a6b17c81cb7496c3570f4',
    type: 'public',
    __v: 0,
    create_time: 1548657354136,
    deleted: false },
  { _id: 5c4ea2c63309a7963a0151e1,
    title: 'test zlx 3',
    author: '5c4a6b17c81cb7496c3570f4',
    type: 'public',
    __v: 0,
    create_time: 1548657350862,
    deleted: false },
  { _id: 5c4ea2b83309a7963a0151e0,
    title: 'test zlx 2',
    author: '5c4a6b17c81cb7496c3570f4',
    type: 'public',
    __v: 0,
    create_time: 1548657336122,
    deleted: false } ] 'docs'
[2019-01-28 15:20:55.059] [INFO] http - ::ffff:127.0.0.1 - - "GET /posts/list?author=5c4a6b17c81cb7496c3570f4 HTTP/1.1" 200 676 "http://localhost:9000/document/my" "Mozilla/5.0 (Macintosh; Intel Mac OS X 10_14_0) AppleWebKit/537.36 (KHTML, like Gecko) Chrome/71.0.3578.98 Safari/537.36"
[2019-01-28 15:41:27.828] [INFO] console - [ [ { object: [Object], key: undefined },
    { object: [Object], key: undefined } ] ] 'results'
[2019-01-28 15:41:27.845] [INFO] console - [ { _id: 5c4ead5328b191293cb6ed4e,
    title: '第一篇文档',
    author: '5c4a6b17c81cb7496c3570f4',
    type: 'public',
    __v: 0,
    create_time: 1548660051637,
    deleted: false },
  { _id: 5c4ea2ca3309a7963a0151e2,
    title: 'test zlx 4',
    author: '5c4a6b17c81cb7496c3570f4',
    type: 'public',
    __v: 0,
    create_time: 1548657354136,
    deleted: false },
  { _id: 5c4ea2c63309a7963a0151e1,
    title: 'test zlx 3',
    author: '5c4a6b17c81cb7496c3570f4',
    type: 'public',
    __v: 0,
    create_time: 1548657350862,
    deleted: false },
  { _id: 5c4ea2b83309a7963a0151e0,
    title: 'test zlx 2',
    author: '5c4a6b17c81cb7496c3570f4',
    type: 'public',
    __v: 0,
    create_time: 1548657336122,
    deleted: false } ] 'docs'
[2019-01-28 15:41:27.850] [WARN] http - undefined - - "GET /posts/list?author=5c4a6b17c81cb7496c3570f4 HTTP/1.1" 304 - "http://localhost:9000/document/my" "Mozilla/5.0 (Macintosh; Intel Mac OS X 10_14_0) AppleWebKit/537.36 (KHTML, like Gecko) Chrome/71.0.3578.98 Safari/537.36"
[2019-01-28 15:46:04.579] [INFO] console - [ [ { object: [Object], key: undefined },
    { object: [Object], key: undefined } ] ] 'results'
[2019-01-28 15:46:04.604] [INFO] http - ::1 - - "GET /posts/getPost?id=5c4ead5328b191293cb6ed4e HTTP/1.1" 200 480 "" "PostmanRuntime/7.1.1"
[2019-01-28 15:48:05.016] [INFO] console - [ [ { object: [Object], key: undefined },
    { object: [Object], key: undefined } ] ] 'results'
[2019-01-28 15:48:05.044] [WARN] http - undefined - - "GET /posts/list?author=5c4a6b17c81cb7496c3570f4 HTTP/1.1" 304 - "http://localhost:9000/document/my" "Mozilla/5.0 (Macintosh; Intel Mac OS X 10_14_0) AppleWebKit/537.36 (KHTML, like Gecko) Chrome/71.0.3578.98 Safari/537.36"
[2019-01-28 15:48:16.637] [INFO] console - [ [ { object: [Object], key: undefined },
    { object: [Object], key: undefined } ] ] 'results'
[2019-01-28 15:48:16.643] [WARN] http - undefined - - "GET /posts/list?author=5c4a6b17c81cb7496c3570f4 HTTP/1.1" 304 - "http://localhost:9000/document/my" "Mozilla/5.0 (Macintosh; Intel Mac OS X 10_14_0) AppleWebKit/537.36 (KHTML, like Gecko) Chrome/71.0.3578.98 Safari/537.36"
[2019-01-28 15:48:20.760] [INFO] console - [ [ { object: [Object], key: undefined },
    { object: [Object], key: undefined } ] ] 'results'
[2019-01-28 15:48:20.765] [WARN] http - undefined - - "GET /posts/list?author=5c4a6b17c81cb7496c3570f4 HTTP/1.1" 304 - "http://localhost:9000/document/my" "Mozilla/5.0 (Macintosh; Intel Mac OS X 10_14_0) AppleWebKit/537.36 (KHTML, like Gecko) Chrome/71.0.3578.98 Safari/537.36"
[2019-01-28 15:48:50.001] [INFO] console - [ [ { object: [Object], key: undefined },
    { object: [Object], key: undefined } ] ] 'results'
[2019-01-28 15:48:50.005] [WARN] http - undefined - - "GET /posts/list?author=5c4a6b17c81cb7496c3570f4 HTTP/1.1" 304 - "http://localhost:9000/document/my" "Mozilla/5.0 (Macintosh; Intel Mac OS X 10_14_0) AppleWebKit/537.36 (KHTML, like Gecko) Chrome/71.0.3578.98 Safari/537.36"
[2019-01-28 15:48:53.888] [INFO] console - [ [ { object: [Object], key: undefined },
    { object: [Object], key: undefined } ] ] 'results'
[2019-01-28 15:48:53.891] [WARN] http - undefined - - "GET /posts/list?author=5c4a6b17c81cb7496c3570f4 HTTP/1.1" 304 - "http://localhost:9000/document/my" "Mozilla/5.0 (Macintosh; Intel Mac OS X 10_14_0) AppleWebKit/537.36 (KHTML, like Gecko) Chrome/71.0.3578.98 Safari/537.36"
[2019-01-28 15:49:37.236] [INFO] console - [ [ { object: [Object], key: undefined },
    { object: [Object], key: undefined } ] ] 'results'
[2019-01-28 15:49:37.245] [WARN] http - undefined - - "GET /posts/list?author=5c4a6b17c81cb7496c3570f4 HTTP/1.1" 304 - "http://localhost:9000/document/my" "Mozilla/5.0 (Macintosh; Intel Mac OS X 10_14_0) AppleWebKit/537.36 (KHTML, like Gecko) Chrome/71.0.3578.98 Safari/537.36"
[2019-01-28 15:49:48.439] [INFO] console - [ [ { object: [Object], key: undefined },
    { object: [Object], key: undefined } ] ] 'results'
[2019-01-28 15:49:48.446] [WARN] http - undefined - - "GET /posts/list?author=5c4a6b17c81cb7496c3570f4 HTTP/1.1" 304 - "http://localhost:9000/document/my" "Mozilla/5.0 (Macintosh; Intel Mac OS X 10_14_0) AppleWebKit/537.36 (KHTML, like Gecko) Chrome/71.0.3578.98 Safari/537.36"
[2019-01-28 15:50:04.051] [INFO] console - [ [ { object: [Object], key: undefined },
    { object: [Object], key: undefined } ] ] 'results'
[2019-01-28 15:50:04.079] [WARN] http - undefined - - "GET /posts/list?author=5c4a6b17c81cb7496c3570f4 HTTP/1.1" 304 - "http://localhost:9000/document/my" "Mozilla/5.0 (Macintosh; Intel Mac OS X 10_14_0) AppleWebKit/537.36 (KHTML, like Gecko) Chrome/71.0.3578.98 Safari/537.36"
[2019-01-28 15:50:13.096] [INFO] console - [ [ { object: [Object], key: undefined },
    { object: [Object], key: undefined } ] ] 'results'
[2019-01-28 15:50:13.100] [INFO] http - ::ffff:127.0.0.1 - - "GET /posts/getPost?id=5c4ead5328b191293cb6ed4e HTTP/1.1" 200 480 "http://localhost:9000/document/my" "Mozilla/5.0 (Macintosh; Intel Mac OS X 10_14_0) AppleWebKit/537.36 (KHTML, like Gecko) Chrome/71.0.3578.98 Safari/537.36"
[2019-01-28 15:59:24.370] [INFO] console - [ [ { object: [Object], key: undefined },
    { object: [Object], key: undefined } ] ] 'results'
[2019-01-28 15:59:24.373] [WARN] http - undefined - - "GET /posts/list?author=5c4a6b17c81cb7496c3570f4 HTTP/1.1" 304 - "http://localhost:9000/document/my" "Mozilla/5.0 (Macintosh; Intel Mac OS X 10_14_0) AppleWebKit/537.36 (KHTML, like Gecko) Chrome/71.0.3578.98 Safari/537.36"
[2019-01-28 16:00:14.697] [INFO] console - [ [ { object: [Object], key: undefined },
    { object: [Object], key: undefined } ] ] 'results'
[2019-01-28 16:00:14.712] [WARN] http - undefined - - "GET /posts/list?author=5c4a6b17c81cb7496c3570f4 HTTP/1.1" 304 - "http://localhost:9000/document/my" "Mozilla/5.0 (Macintosh; Intel Mac OS X 10_14_0) AppleWebKit/537.36 (KHTML, like Gecko) Chrome/71.0.3578.98 Safari/537.36"
[2019-01-28 16:00:28.543] [INFO] console - [ [ { object: [Object], key: undefined },
    { object: [Object], key: undefined } ] ] 'results'
[2019-01-28 16:00:28.554] [WARN] http - undefined - - "GET /posts/list?author=5c4a6b17c81cb7496c3570f4 HTTP/1.1" 304 - "http://localhost:9000/document/my" "Mozilla/5.0 (Macintosh; Intel Mac OS X 10_14_0) AppleWebKit/537.36 (KHTML, like Gecko) Chrome/71.0.3578.98 Safari/537.36"
[2019-01-28 16:01:42.700] [INFO] console - [ [ { object: [Object], key: undefined },
    { object: [Object], key: undefined } ] ] 'results'
[2019-01-28 16:01:42.704] [WARN] http - undefined - - "GET /posts/list?author=5c4a6b17c81cb7496c3570f4 HTTP/1.1" 304 - "http://localhost:9000/document/my" "Mozilla/5.0 (Macintosh; Intel Mac OS X 10_14_0) AppleWebKit/537.36 (KHTML, like Gecko) Chrome/71.0.3578.98 Safari/537.36"
[2019-01-28 16:02:00.741] [INFO] console - [ [ { object: [Object], key: undefined },
    { object: [Object], key: undefined } ] ] 'results'
[2019-01-28 16:02:00.744] [WARN] http - undefined - - "GET /posts/getPost?id=5c4ead5328b191293cb6ed4e HTTP/1.1" 304 - "http://localhost:9000/document/my" "Mozilla/5.0 (Macintosh; Intel Mac OS X 10_14_0) AppleWebKit/537.36 (KHTML, like Gecko) Chrome/71.0.3578.98 Safari/537.36"
[2019-01-28 16:03:18.932] [INFO] console - [ [ { object: [Object], key: undefined },
    { object: [Object], key: undefined } ] ] 'results'
[2019-01-28 16:03:18.961] [WARN] http - undefined - - "GET /posts/list?author=5c4a6b17c81cb7496c3570f4 HTTP/1.1" 304 - "http://localhost:9000/document/my" "Mozilla/5.0 (Macintosh; Intel Mac OS X 10_14_0) AppleWebKit/537.36 (KHTML, like Gecko) Chrome/71.0.3578.98 Safari/537.36"
[2019-01-28 16:03:35.792] [INFO] console - [ [ { object: [Object], key: undefined },
    { object: [Object], key: undefined } ] ] 'results'
[2019-01-28 16:03:35.826] [WARN] http - undefined - - "GET /posts/list?author=5c4a6b17c81cb7496c3570f4 HTTP/1.1" 304 - "http://localhost:9000/document/my" "Mozilla/5.0 (Macintosh; Intel Mac OS X 10_14_0) AppleWebKit/537.36 (KHTML, like Gecko) Chrome/71.0.3578.98 Safari/537.36"
[2019-01-28 16:03:39.106] [INFO] console - [ [ { object: [Object], key: undefined },
    { object: [Object], key: undefined } ] ] 'results'
[2019-01-28 16:03:39.112] [WARN] http - undefined - - "GET /posts/list?author=5c4a6b17c81cb7496c3570f4 HTTP/1.1" 304 - "http://localhost:9000/document/my" "Mozilla/5.0 (Macintosh; Intel Mac OS X 10_14_0) AppleWebKit/537.36 (KHTML, like Gecko) Chrome/71.0.3578.98 Safari/537.36"
[2019-01-28 16:03:49.390] [INFO] console - [ [ { object: [Object], key: undefined },
    { object: [Object], key: undefined } ] ] 'results'
[2019-01-28 16:03:49.394] [INFO] http - ::ffff:127.0.0.1 - - "GET /posts/getPost?id=5c4ead5328b191293cb6ed4e HTTP/1.1" 200 483 "http://localhost:9000/document/my" "Mozilla/5.0 (Macintosh; Intel Mac OS X 10_14_0) AppleWebKit/537.36 (KHTML, like Gecko) Chrome/71.0.3578.98 Safari/537.36"
[2019-01-28 16:04:17.136] [INFO] console - [ [ { object: [Object], key: undefined },
    { object: [Object], key: undefined } ] ] 'results'
[2019-01-28 16:04:17.139] [WARN] http - undefined - - "GET /posts/list?author=5c4a6b17c81cb7496c3570f4 HTTP/1.1" 304 - "http://localhost:9000/document/my" "Mozilla/5.0 (Macintosh; Intel Mac OS X 10_14_0) AppleWebKit/537.36 (KHTML, like Gecko) Chrome/71.0.3578.98 Safari/537.36"
[2019-01-28 16:04:20.959] [INFO] console - [ [ { object: [Object], key: undefined },
    { object: [Object], key: undefined } ] ] 'results'
[2019-01-28 16:04:20.961] [WARN] http - undefined - - "GET /posts/getPost?id=5c4ead5328b191293cb6ed4e HTTP/1.1" 304 - "http://localhost:9000/document/my" "Mozilla/5.0 (Macintosh; Intel Mac OS X 10_14_0) AppleWebKit/537.36 (KHTML, like Gecko) Chrome/71.0.3578.98 Safari/537.36"
[2019-01-28 16:05:10.774] [INFO] console - [ [ { object: [Object], key: undefined },
    { object: [Object], key: undefined } ] ] 'results'
[2019-01-28 16:05:10.777] [WARN] http - undefined - - "GET /posts/list?author=5c4a6b17c81cb7496c3570f4 HTTP/1.1" 304 - "http://localhost:9000/document/my" "Mozilla/5.0 (Macintosh; Intel Mac OS X 10_14_0) AppleWebKit/537.36 (KHTML, like Gecko) Chrome/71.0.3578.98 Safari/537.36"
[2019-01-28 16:05:20.066] [INFO] console - [ [ { object: [Object], key: undefined },
    { object: [Object], key: undefined } ] ] 'results'
[2019-01-28 16:05:20.082] [INFO] http - ::ffff:127.0.0.1 - - "GET /posts/getPost?id=5c4ead5328b191293cb6ed4e HTTP/1.1" 200 482 "http://localhost:9000/document/my" "Mozilla/5.0 (Macintosh; Intel Mac OS X 10_14_0) AppleWebKit/537.36 (KHTML, like Gecko) Chrome/71.0.3578.98 Safari/537.36"
[2019-01-28 16:05:39.831] [INFO] console - [ [ { object: [Object], key: undefined },
    { object: [Object], key: undefined } ] ] 'results'
[2019-01-28 16:05:39.835] [INFO] http - ::ffff:127.0.0.1 - - "GET /posts/getPost?id=5c4ea2ca3309a7963a0151e2 HTTP/1.1" 200 123 "http://localhost:9000/document/my" "Mozilla/5.0 (Macintosh; Intel Mac OS X 10_14_0) AppleWebKit/537.36 (KHTML, like Gecko) Chrome/71.0.3578.98 Safari/537.36"
[2019-01-28 16:05:42.664] [INFO] console - [ [ { object: [Object], key: undefined },
    { object: [Object], key: undefined } ] ] 'results'
[2019-01-28 16:05:42.667] [INFO] http - ::ffff:127.0.0.1 - - "GET /posts/getPost?id=5c4ea2c63309a7963a0151e1 HTTP/1.1" 200 123 "http://localhost:9000/document/my" "Mozilla/5.0 (Macintosh; Intel Mac OS X 10_14_0) AppleWebKit/537.36 (KHTML, like Gecko) Chrome/71.0.3578.98 Safari/537.36"
[2019-01-28 16:05:44.943] [INFO] console - [ [ { object: [Object], key: undefined },
    { object: [Object], key: undefined } ] ] 'results'
[2019-01-28 16:05:44.945] [INFO] http - ::ffff:127.0.0.1 - - "GET /posts/getPost?id=5c4ea2b83309a7963a0151e0 HTTP/1.1" 200 123 "http://localhost:9000/document/my" "Mozilla/5.0 (Macintosh; Intel Mac OS X 10_14_0) AppleWebKit/537.36 (KHTML, like Gecko) Chrome/71.0.3578.98 Safari/537.36"
[2019-01-28 16:06:15.826] [INFO] console - [ [ { object: [Object], key: undefined },
    { object: [Object], key: undefined } ] ] 'results'
[2019-01-28 16:06:15.828] [WARN] http - undefined - - "GET /posts/getPost?id=5c4ead5328b191293cb6ed4e HTTP/1.1" 304 - "http://localhost:9000/document/my" "Mozilla/5.0 (Macintosh; Intel Mac OS X 10_14_0) AppleWebKit/537.36 (KHTML, like Gecko) Chrome/71.0.3578.98 Safari/537.36"
[2019-01-28 16:06:41.505] [INFO] console - [ [ { object: [Object], key: undefined },
    { object: [Object], key: undefined } ] ] 'results'
[2019-01-28 16:06:41.517] [WARN] http - undefined - - "GET /posts/list?author=5c4a6b17c81cb7496c3570f4 HTTP/1.1" 304 - "http://localhost:9000/document/my" "Mozilla/5.0 (Macintosh; Intel Mac OS X 10_14_0) AppleWebKit/537.36 (KHTML, like Gecko) Chrome/71.0.3578.98 Safari/537.36"
[2019-01-28 16:06:42.179] [INFO] console - [ [ { object: [Object], key: undefined },
    { object: [Object], key: undefined } ] ] 'results'
[2019-01-28 16:06:42.182] [WARN] http - undefined - - "GET /posts/getPost?id=5c4ead5328b191293cb6ed4e HTTP/1.1" 304 - "http://localhost:9000/document/my" "Mozilla/5.0 (Macintosh; Intel Mac OS X 10_14_0) AppleWebKit/537.36 (KHTML, like Gecko) Chrome/71.0.3578.98 Safari/537.36"
[2019-01-28 16:10:27.425] [INFO] console - [ [ { object: [Object], key: undefined },
    { object: [Object], key: undefined } ] ] 'results'
[2019-01-28 16:10:27.442] [WARN] http - undefined - - "GET /posts/list?author=5c4a6b17c81cb7496c3570f4 HTTP/1.1" 304 - "http://localhost:9000/document/my" "Mozilla/5.0 (Macintosh; Intel Mac OS X 10_14_0) AppleWebKit/537.36 (KHTML, like Gecko) Chrome/71.0.3578.98 Safari/537.36"
[2019-01-28 16:10:28.370] [INFO] console - [ [ { object: [Object], key: undefined },
    { object: [Object], key: undefined } ] ] 'results'
[2019-01-28 16:10:28.372] [WARN] http - undefined - - "GET /posts/getPost?id=5c4ead5328b191293cb6ed4e HTTP/1.1" 304 - "http://localhost:9000/document/my" "Mozilla/5.0 (Macintosh; Intel Mac OS X 10_14_0) AppleWebKit/537.36 (KHTML, like Gecko) Chrome/71.0.3578.98 Safari/537.36"
[2019-01-28 16:13:02.085] [INFO] console - [ [ { object: [Object], key: undefined },
    { object: [Object], key: undefined } ] ] 'results'
[2019-01-28 16:13:02.089] [WARN] http - undefined - - "GET /posts/list?author=5c4a6b17c81cb7496c3570f4 HTTP/1.1" 304 - "http://localhost:9000/document/my" "Mozilla/5.0 (Macintosh; Intel Mac OS X 10_14_0) AppleWebKit/537.36 (KHTML, like Gecko) Chrome/71.0.3578.98 Safari/537.36"
[2019-01-28 16:13:03.353] [INFO] console - [ [ { object: [Object], key: undefined },
    { object: [Object], key: undefined } ] ] 'results'
[2019-01-28 16:13:03.357] [WARN] http - undefined - - "GET /posts/getPost?id=5c4ead5328b191293cb6ed4e HTTP/1.1" 304 - "http://localhost:9000/document/my" "Mozilla/5.0 (Macintosh; Intel Mac OS X 10_14_0) AppleWebKit/537.36 (KHTML, like Gecko) Chrome/71.0.3578.98 Safari/537.36"
[2019-01-28 16:15:01.668] [INFO] console - [ [ { object: [Object], key: undefined },
    { object: [Object], key: undefined } ] ] 'results'
[2019-01-28 16:15:01.673] [WARN] http - undefined - - "GET /posts/list?author=5c4a6b17c81cb7496c3570f4 HTTP/1.1" 304 - "http://localhost:9000/document/my" "Mozilla/5.0 (Macintosh; Intel Mac OS X 10_14_0) AppleWebKit/537.36 (KHTML, like Gecko) Chrome/71.0.3578.98 Safari/537.36"
[2019-01-28 16:15:03.799] [INFO] console - [ [ { object: [Object], key: undefined },
    { object: [Object], key: undefined } ] ] 'results'
[2019-01-28 16:15:03.801] [WARN] http - undefined - - "GET /posts/getPost?id=5c4ead5328b191293cb6ed4e HTTP/1.1" 304 - "http://localhost:9000/document/my" "Mozilla/5.0 (Macintosh; Intel Mac OS X 10_14_0) AppleWebKit/537.36 (KHTML, like Gecko) Chrome/71.0.3578.98 Safari/537.36"
[2019-01-28 16:15:05.889] [INFO] console - [ [ { object: [Object], key: undefined },
    { object: [Object], key: undefined } ] ] 'results'
[2019-01-28 16:15:05.891] [WARN] http - undefined - - "GET /posts/getPost?id=5c4ead5328b191293cb6ed4e HTTP/1.1" 304 - "http://localhost:9000/document/my" "Mozilla/5.0 (Macintosh; Intel Mac OS X 10_14_0) AppleWebKit/537.36 (KHTML, like Gecko) Chrome/71.0.3578.98 Safari/537.36"
[2019-01-28 16:18:41.855] [INFO] console - [ [ { object: [Object], key: undefined },
    { object: [Object], key: undefined } ] ] 'results'
[2019-01-28 16:18:41.870] [WARN] http - undefined - - "GET /posts/list?author=5c4a6b17c81cb7496c3570f4 HTTP/1.1" 304 - "http://localhost:9000/document/my" "Mozilla/5.0 (Macintosh; Intel Mac OS X 10_14_0) AppleWebKit/537.36 (KHTML, like Gecko) Chrome/71.0.3578.98 Safari/537.36"
[2019-01-28 16:18:52.821] [INFO] console - [ [ { object: [Object], key: undefined },
    { object: [Object], key: undefined } ] ] 'results'
[2019-01-28 16:18:52.826] [WARN] http - undefined - - "GET /posts/list?author=5c4a6b17c81cb7496c3570f4 HTTP/1.1" 304 - "http://localhost:9000/document/my" "Mozilla/5.0 (Macintosh; Intel Mac OS X 10_14_0) AppleWebKit/537.36 (KHTML, like Gecko) Chrome/71.0.3578.98 Safari/537.36"
[2019-01-28 16:20:02.163] [INFO] console - [ [ { object: [Object], key: undefined },
    { object: [Object], key: undefined } ] ] 'results'
[2019-01-28 16:20:02.188] [WARN] http - undefined - - "GET /posts/list?author=5c4a6b17c81cb7496c3570f4 HTTP/1.1" 304 - "http://localhost:9000/document/my" "Mozilla/5.0 (Macintosh; Intel Mac OS X 10_14_0) AppleWebKit/537.36 (KHTML, like Gecko) Chrome/71.0.3578.98 Safari/537.36"
[2019-01-28 16:20:02.861] [INFO] console - [ [ { object: [Object], key: undefined },
    { object: [Object], key: undefined } ] ] 'results'
[2019-01-28 16:20:02.865] [WARN] http - undefined - - "GET /posts/list?author=5c4a6b17c81cb7496c3570f4 HTTP/1.1" 304 - "http://localhost:9000/document/my" "Mozilla/5.0 (Macintosh; Intel Mac OS X 10_14_0) AppleWebKit/537.36 (KHTML, like Gecko) Chrome/71.0.3578.98 Safari/537.36"
[2019-01-28 16:23:00.502] [INFO] console - [ [ { object: [Object], key: undefined },
    { object: [Object], key: undefined } ] ] 'results'
[2019-01-28 16:23:00.507] [WARN] http - undefined - - "GET /posts/list?author=5c4a6b17c81cb7496c3570f4 HTTP/1.1" 304 - "http://localhost:9000/document/my" "Mozilla/5.0 (Macintosh; Intel Mac OS X 10_14_0) AppleWebKit/537.36 (KHTML, like Gecko) Chrome/71.0.3578.98 Safari/537.36"
[2019-01-28 16:23:05.629] [INFO] console - [ [ { object: [Object], key: undefined },
    { object: [Object], key: undefined } ] ] 'results'
[2019-01-28 16:23:05.641] [WARN] http - undefined - - "GET /posts/list?author=5c4a6b17c81cb7496c3570f4 HTTP/1.1" 304 - "http://localhost:9000/document/my" "Mozilla/5.0 (Macintosh; Intel Mac OS X 10_14_0) AppleWebKit/537.36 (KHTML, like Gecko) Chrome/71.0.3578.98 Safari/537.36"
[2019-01-28 16:23:44.018] [INFO] console - [ [ { object: [Object], key: undefined },
    { object: [Object], key: undefined } ] ] 'results'
[2019-01-28 16:23:44.032] [WARN] http - undefined - - "GET /posts/list?author=5c4a6b17c81cb7496c3570f4 HTTP/1.1" 304 - "http://localhost:9000/document/my" "Mozilla/5.0 (Macintosh; Intel Mac OS X 10_14_0) AppleWebKit/537.36 (KHTML, like Gecko) Chrome/71.0.3578.98 Safari/537.36"
[2019-01-28 16:24:52.928] [INFO] console - [ [ { object: [Object], key: undefined },
    { object: [Object], key: undefined } ] ] 'results'
[2019-01-28 16:24:52.936] [WARN] http - undefined - - "GET /posts/list?author=5c4a6b17c81cb7496c3570f4 HTTP/1.1" 304 - "http://localhost:9000/document/my" "Mozilla/5.0 (Macintosh; Intel Mac OS X 10_14_0) AppleWebKit/537.36 (KHTML, like Gecko) Chrome/71.0.3578.98 Safari/537.36"
[2019-01-28 16:24:57.023] [INFO] console - [ [ { object: [Object], key: undefined },
    { object: [Object], key: undefined } ] ] 'results'
[2019-01-28 16:24:57.028] [WARN] http - undefined - - "GET /posts/list?author=5c4a6b17c81cb7496c3570f4 HTTP/1.1" 304 - "http://localhost:9000/document/my" "Mozilla/5.0 (Macintosh; Intel Mac OS X 10_14_0) AppleWebKit/537.36 (KHTML, like Gecko) Chrome/71.0.3578.98 Safari/537.36"
[2019-01-28 16:25:30.088] [INFO] console - [ [ { object: [Object], key: undefined },
    { object: [Object], key: undefined } ] ] 'results'
[2019-01-28 16:25:30.101] [WARN] http - undefined - - "GET /posts/list?author=5c4a6b17c81cb7496c3570f4 HTTP/1.1" 304 - "http://localhost:9000/document/my" "Mozilla/5.0 (Macintosh; Intel Mac OS X 10_14_0) AppleWebKit/537.36 (KHTML, like Gecko) Chrome/71.0.3578.98 Safari/537.36"
[2019-01-28 16:25:44.651] [INFO] console - [ [ { object: [Object], key: undefined },
    { object: [Object], key: undefined } ] ] 'results'
[2019-01-28 16:25:44.661] [INFO] http - ::ffff:127.0.0.1 - - "GET /posts/list?author=5c4a6b17c81cb7496c3570f4 HTTP/1.1" 200 676 "http://localhost:9000/document/my" "Mozilla/5.0 (Macintosh; Intel Mac OS X 10_14_0) AppleWebKit/537.36 (KHTML, like Gecko) Chrome/71.0.3578.98 Safari/537.36"
[2019-01-28 16:28:17.524] [INFO] console - [ [ { object: [Object], key: undefined },
    { object: [Object], key: undefined } ] ] 'results'
[2019-01-28 16:28:17.532] [WARN] http - undefined - - "GET /posts/list?author=5c4a6b17c81cb7496c3570f4 HTTP/1.1" 304 - "http://localhost:9000/document/my" "Mozilla/5.0 (Macintosh; Intel Mac OS X 10_14_0) AppleWebKit/537.36 (KHTML, like Gecko) Chrome/71.0.3578.98 Safari/537.36"
[2019-01-28 16:28:22.195] [INFO] console - [ [ { object: [Object], key: undefined },
    { object: [Object], key: undefined } ] ] 'results'
[2019-01-28 16:28:22.198] [WARN] http - undefined - - "GET /posts/list?author=5c4a6b17c81cb7496c3570f4 HTTP/1.1" 304 - "http://localhost:9000/document/my" "Mozilla/5.0 (Macintosh; Intel Mac OS X 10_14_0) AppleWebKit/537.36 (KHTML, like Gecko) Chrome/71.0.3578.98 Safari/537.36"
[2019-01-28 16:28:44.118] [INFO] console - [ [ { object: [Object], key: undefined },
    { object: [Object], key: undefined } ] ] 'results'
[2019-01-28 16:28:44.139] [WARN] http - undefined - - "GET /posts/list?author=5c4a6b17c81cb7496c3570f4 HTTP/1.1" 304 - "http://localhost:9000/document/my" "Mozilla/5.0 (Macintosh; Intel Mac OS X 10_14_0) AppleWebKit/537.36 (KHTML, like Gecko) Chrome/71.0.3578.98 Safari/537.36"
[2019-01-28 16:28:48.355] [INFO] console - [ [ { object: [Object], key: undefined },
    { object: [Object], key: undefined } ] ] 'results'
[2019-01-28 16:28:48.359] [WARN] http - undefined - - "GET /posts/list?author=5c4a6b17c81cb7496c3570f4 HTTP/1.1" 304 - "http://localhost:9000/document/my" "Mozilla/5.0 (Macintosh; Intel Mac OS X 10_14_0) AppleWebKit/537.36 (KHTML, like Gecko) Chrome/71.0.3578.98 Safari/537.36"
[2019-01-28 16:29:32.802] [INFO] console - [ [ { object: [Object], key: undefined },
    { object: [Object], key: undefined } ] ] 'results'
[2019-01-28 16:29:32.806] [WARN] http - undefined - - "GET /posts/list?author=5c4a6b17c81cb7496c3570f4 HTTP/1.1" 304 - "http://localhost:9000/document/my" "Mozilla/5.0 (Macintosh; Intel Mac OS X 10_14_0) AppleWebKit/537.36 (KHTML, like Gecko) Chrome/71.0.3578.98 Safari/537.36"
[2019-01-28 16:29:55.854] [INFO] console - [ [ { object: [Object], key: undefined },
    { object: [Object], key: undefined } ] ] 'results'
[2019-01-28 16:29:55.861] [WARN] http - undefined - - "GET /posts/list?author=5c4a6b17c81cb7496c3570f4 HTTP/1.1" 304 - "http://localhost:9000/document/my" "Mozilla/5.0 (Macintosh; Intel Mac OS X 10_14_0) AppleWebKit/537.36 (KHTML, like Gecko) Chrome/71.0.3578.98 Safari/537.36"
[2019-01-28 16:29:59.011] [INFO] console - [ [ { object: [Object], key: undefined },
    { object: [Object], key: undefined } ] ] 'results'
[2019-01-28 16:29:59.016] [INFO] http - ::ffff:127.0.0.1 - - "GET /posts/getPost?id=5c4ead5328b191293cb6ed4e HTTP/1.1" 200 482 "http://localhost:9000/document/my" "Mozilla/5.0 (Macintosh; Intel Mac OS X 10_14_0) AppleWebKit/537.36 (KHTML, like Gecko) Chrome/71.0.3578.98 Safari/537.36"
[2019-01-28 16:30:16.821] [INFO] console - [ [ { object: [Object], key: undefined },
    { object: [Object], key: undefined } ] ] 'results'
[2019-01-28 16:30:16.826] [WARN] http - undefined - - "GET /posts/list?author=5c4a6b17c81cb7496c3570f4 HTTP/1.1" 304 - "http://localhost:9000/document/my" "Mozilla/5.0 (Macintosh; Intel Mac OS X 10_14_0) AppleWebKit/537.36 (KHTML, like Gecko) Chrome/71.0.3578.98 Safari/537.36"
[2019-01-28 16:30:18.159] [INFO] console - [ [ { object: [Object], key: undefined },
    { object: [Object], key: undefined } ] ] 'results'
[2019-01-28 16:30:18.162] [WARN] http - undefined - - "GET /posts/getPost?id=5c4ead5328b191293cb6ed4e HTTP/1.1" 304 - "http://localhost:9000/document/my" "Mozilla/5.0 (Macintosh; Intel Mac OS X 10_14_0) AppleWebKit/537.36 (KHTML, like Gecko) Chrome/71.0.3578.98 Safari/537.36"
[2019-01-28 16:31:41.293] [INFO] console - [ [ { object: [Object], key: undefined },
    { object: [Object], key: undefined } ] ] 'results'
[2019-01-28 16:31:41.298] [WARN] http - undefined - - "GET /posts/list?author=5c4a6b17c81cb7496c3570f4 HTTP/1.1" 304 - "http://localhost:9000/document/my" "Mozilla/5.0 (Macintosh; Intel Mac OS X 10_14_0) AppleWebKit/537.36 (KHTML, like Gecko) Chrome/71.0.3578.98 Safari/537.36"
[2019-01-28 16:31:44.596] [INFO] console - [ [ { object: [Object], key: undefined },
    { object: [Object], key: undefined } ] ] 'results'
[2019-01-28 16:31:44.597] [WARN] http - undefined - - "GET /posts/getPost?id=5c4ead5328b191293cb6ed4e HTTP/1.1" 304 - "http://localhost:9000/document/my" "Mozilla/5.0 (Macintosh; Intel Mac OS X 10_14_0) AppleWebKit/537.36 (KHTML, like Gecko) Chrome/71.0.3578.98 Safari/537.36"
[2019-01-28 16:32:23.768] [INFO] console - [ [ { object: [Object], key: undefined },
    { object: [Object], key: undefined } ] ] 'results'
[2019-01-28 16:32:23.782] [WARN] http - undefined - - "GET /posts/list?author=5c4a6b17c81cb7496c3570f4 HTTP/1.1" 304 - "http://localhost:9000/document/my" "Mozilla/5.0 (Macintosh; Intel Mac OS X 10_14_0) AppleWebKit/537.36 (KHTML, like Gecko) Chrome/71.0.3578.98 Safari/537.36"
[2019-01-28 16:32:30.780] [INFO] console - [ [ { object: [Object], key: undefined },
    { object: [Object], key: undefined } ] ] 'results'
[2019-01-28 16:32:30.783] [WARN] http - undefined - - "GET /posts/list?author=5c4a6b17c81cb7496c3570f4 HTTP/1.1" 304 - "http://localhost:9000/document/my" "Mozilla/5.0 (Macintosh; Intel Mac OS X 10_14_0) AppleWebKit/537.36 (KHTML, like Gecko) Chrome/71.0.3578.98 Safari/537.36"
[2019-01-28 16:32:39.862] [INFO] console - [ [ { object: [Object], key: undefined },
    { object: [Object], key: undefined } ] ] 'results'
[2019-01-28 16:32:39.864] [WARN] http - undefined - - "GET /posts/list?author=5c4a6b17c81cb7496c3570f4 HTTP/1.1" 304 - "http://localhost:9000/document/my" "Mozilla/5.0 (Macintosh; Intel Mac OS X 10_14_0) AppleWebKit/537.36 (KHTML, like Gecko) Chrome/71.0.3578.98 Safari/537.36"
[2019-01-28 16:32:41.174] [INFO] console - [ [ { object: [Object], key: undefined },
    { object: [Object], key: undefined } ] ] 'results'
[2019-01-28 16:32:41.189] [WARN] http - undefined - - "GET /posts/getPost?id=5c4ead5328b191293cb6ed4e HTTP/1.1" 304 - "http://localhost:9000/document/my" "Mozilla/5.0 (Macintosh; Intel Mac OS X 10_14_0) AppleWebKit/537.36 (KHTML, like Gecko) Chrome/71.0.3578.98 Safari/537.36"
[2019-01-28 16:32:43.793] [INFO] console - [ [ { object: [Object], key: undefined },
    { object: [Object], key: undefined } ] ] 'results'
[2019-01-28 16:32:43.800] [INFO] http - ::ffff:127.0.0.1 - - "GET /posts/getPost?id=5c4ea2ca3309a7963a0151e2 HTTP/1.1" 200 123 "http://localhost:9000/document/my" "Mozilla/5.0 (Macintosh; Intel Mac OS X 10_14_0) AppleWebKit/537.36 (KHTML, like Gecko) Chrome/71.0.3578.98 Safari/537.36"
[2019-01-28 16:32:45.939] [INFO] console - [ [ { object: [Object], key: undefined },
    { object: [Object], key: undefined } ] ] 'results'
[2019-01-28 16:32:45.952] [INFO] http - ::ffff:127.0.0.1 - - "GET /posts/getPost?id=5c4ea2c63309a7963a0151e1 HTTP/1.1" 200 123 "http://localhost:9000/document/my" "Mozilla/5.0 (Macintosh; Intel Mac OS X 10_14_0) AppleWebKit/537.36 (KHTML, like Gecko) Chrome/71.0.3578.98 Safari/537.36"
[2019-01-28 16:32:48.475] [INFO] console - [ [ { object: [Object], key: undefined },
    { object: [Object], key: undefined } ] ] 'results'
[2019-01-28 16:32:48.477] [INFO] http - ::ffff:127.0.0.1 - - "GET /posts/getPost?id=5c4ea2b83309a7963a0151e0 HTTP/1.1" 200 123 "http://localhost:9000/document/my" "Mozilla/5.0 (Macintosh; Intel Mac OS X 10_14_0) AppleWebKit/537.36 (KHTML, like Gecko) Chrome/71.0.3578.98 Safari/537.36"
[2019-01-28 16:32:49.428] [INFO] console - [ [ { object: [Object], key: undefined },
    { object: [Object], key: undefined } ] ] 'results'
[2019-01-28 16:32:49.430] [WARN] http - undefined - - "GET /posts/getPost?id=5c4ead5328b191293cb6ed4e HTTP/1.1" 304 - "http://localhost:9000/document/my" "Mozilla/5.0 (Macintosh; Intel Mac OS X 10_14_0) AppleWebKit/537.36 (KHTML, like Gecko) Chrome/71.0.3578.98 Safari/537.36"
[2019-01-28 16:32:55.080] [INFO] console - [ [ { object: [Object], key: undefined },
    { object: [Object], key: undefined } ] ] 'results'
[2019-01-28 16:32:55.085] [WARN] http - undefined - - "GET /posts/list?author=5c4a6b17c81cb7496c3570f4 HTTP/1.1" 304 - "http://localhost:9000/document/my" "Mozilla/5.0 (Macintosh; Intel Mac OS X 10_14_0) AppleWebKit/537.36 (KHTML, like Gecko) Chrome/71.0.3578.98 Safari/537.36"
[2019-01-28 16:33:12.317] [INFO] console - [ [ { object: [Object], key: undefined },
    { object: [Object], key: undefined } ] ] 'results'
[2019-01-28 16:33:12.320] [WARN] http - undefined - - "GET /posts/list?author=5c4a6b17c81cb7496c3570f4 HTTP/1.1" 304 - "http://localhost:9000/document/my" "Mozilla/5.0 (Macintosh; Intel Mac OS X 10_14_0) AppleWebKit/537.36 (KHTML, like Gecko) Chrome/71.0.3578.98 Safari/537.36"
[2019-01-28 16:54:48.882] [INFO] console - [ [ { object: [Object], key: undefined },
    { object: [Object], key: undefined } ] ] 'results'
[2019-01-28 16:54:48.918] [INFO] http - ::ffff:127.0.0.1 - - "GET /posts/list?author=5c4a6b17c81cb7496c3570f4 HTTP/1.1" 200 676 "http://localhost:9000/document/my" "Mozilla/5.0 (Macintosh; Intel Mac OS X 10_14_0) AppleWebKit/537.36 (KHTML, like Gecko) Chrome/71.0.3578.98 Safari/537.36"
[2019-01-28 16:54:52.574] [INFO] console - [ [ { object: [Object], key: undefined },
    { object: [Object], key: undefined } ] ] 'results'
[2019-01-28 16:54:52.578] [WARN] http - undefined - - "GET /posts/list?author=5c4a6b17c81cb7496c3570f4 HTTP/1.1" 304 - "http://localhost:9000/document/my" "Mozilla/5.0 (Macintosh; Intel Mac OS X 10_14_0) AppleWebKit/537.36 (KHTML, like Gecko) Chrome/71.0.3578.98 Safari/537.36"
[2019-01-28 16:55:05.433] [INFO] console - [ [ { object: [Object], key: undefined },
    { object: [Object], key: undefined } ] ] 'results'
[2019-01-28 16:55:05.439] [WARN] http - undefined - - "GET /posts/list?author=5c4a6b17c81cb7496c3570f4 HTTP/1.1" 304 - "http://localhost:9000/document/my" "Mozilla/5.0 (Macintosh; Intel Mac OS X 10_14_0) AppleWebKit/537.36 (KHTML, like Gecko) Chrome/71.0.3578.98 Safari/537.36"
[2019-01-28 16:55:09.829] [INFO] console - [ [ { object: [Object], key: undefined },
    { object: [Object], key: undefined } ] ] 'results'
[2019-01-28 16:55:09.832] [INFO] http - ::ffff:127.0.0.1 - - "GET /posts/getPost?id=5c4ead5328b191293cb6ed4e HTTP/1.1" 200 482 "http://localhost:9000/document/my" "Mozilla/5.0 (Macintosh; Intel Mac OS X 10_14_0) AppleWebKit/537.36 (KHTML, like Gecko) Chrome/71.0.3578.98 Safari/537.36"
[2019-01-28 16:55:33.349] [INFO] console - [ [ { object: [Object], key: undefined },
    { object: [Object], key: undefined } ] ] 'results'
[2019-01-28 16:55:33.368] [WARN] http - undefined - - "GET /posts/list?author=5c4a6b17c81cb7496c3570f4 HTTP/1.1" 304 - "http://localhost:9000/document/my" "Mozilla/5.0 (Macintosh; Intel Mac OS X 10_14_0) AppleWebKit/537.36 (KHTML, like Gecko) Chrome/71.0.3578.98 Safari/537.36"
[2019-01-28 16:55:40.985] [INFO] console - [ [ { object: [Object], key: undefined },
    { object: [Object], key: undefined } ] ] 'results'
[2019-01-28 16:55:40.988] [WARN] http - undefined - - "GET /posts/list?author=5c4a6b17c81cb7496c3570f4 HTTP/1.1" 304 - "http://localhost:9000/document/my" "Mozilla/5.0 (Macintosh; Intel Mac OS X 10_14_0) AppleWebKit/537.36 (KHTML, like Gecko) Chrome/71.0.3578.98 Safari/537.36"
[2019-01-28 16:55:44.800] [INFO] console - [ [ { object: [Object], key: undefined },
    { object: [Object], key: undefined } ] ] 'results'
[2019-01-28 16:55:44.803] [WARN] http - undefined - - "GET /posts/getPost?id=5c4ead5328b191293cb6ed4e HTTP/1.1" 304 - "http://localhost:9000/document/my" "Mozilla/5.0 (Macintosh; Intel Mac OS X 10_14_0) AppleWebKit/537.36 (KHTML, like Gecko) Chrome/71.0.3578.98 Safari/537.36"
[2019-01-28 17:40:52.614] [INFO] console - [ [ { object: [Object], key: undefined },
    { object: [Object], key: undefined } ] ] 'results'
[2019-01-28 17:40:52.635] [INFO] http - ::ffff:127.0.0.1 - - "GET /posts/list?author=5c4a6b17c81cb7496c3570f4 HTTP/1.1" 200 32 "http://localhost:9000/document/my" "Mozilla/5.0 (Macintosh; Intel Mac OS X 10_14_0) AppleWebKit/537.36 (KHTML, like Gecko) Chrome/71.0.3578.98 Safari/537.36"
[2019-01-28 17:41:28.667] [INFO] console - [ [ { object: [Object], key: undefined },
    { object: [Object], key: undefined } ],
  [ { object: [Object], key: undefined },
    { object: [Object], key: undefined } ],
  { object: 
     { content: '\n\n# 1 Node.js模块的实现\n\n之前在网上查阅了许多介绍Node.js的文章,可惜对于Node.js的模块机制大都着墨不多。在后续介绍模块的使用之前,我认为有必要深入一下Node.js的模块机制。\n\n## 1.1 CommonJS规范\n\n早在Netscape诞生不久后,JavaScript就一直在探索本地编程的路,Rhino是其代表产物。无奈那时服务端JavaScript走的路均是参考众多服务器端语言来实现的,在这样的背景之下,一没有特色,二没有实用价值。但是随着JavaScript在前端的应用越来越广泛,以及服务端JavaScript的推动,JavaScript现有的规范十分薄弱,不利于JavaScript大规模的应用。那些以JavaScript为宿主语言的环境中,只有本身的基础原生对象和类型,更多的对象和API都取决于宿主的提供,所以,我们可以看到JavaScript缺少这些功能:\n\n*   **JavaScript没有模块系统。**没有原生的支持密闭作用域或依赖管理。\n\n*   **JavaScript没有标准库。**除了一些核心库外,没有文件系统的API,没有IO流API等。\n\n*   **JavaScript没有标准接口。**没有如Web Server或者数据库的统一接口。\n\n*   **JavaScript没有包管理系统。**不能自动加载和安装依赖。\n\n于是便有了CommonJS([http://www.commonjs.org](http://www.commonjs.org))规范的出现,其目标是为了构建JavaScript在包括Web服务器,桌面,命令行工具,及浏览器方面的生态系统。**`CommonJS其实不是一门新的语言，甚至都不能说它是一个新的解释器——实际上它只是一个概念或者是一个规范`**。\n\n在这个规范中，**`它定义了很多 API ，讲通俗点或者直截了当点就是函数啊类啊什么的，而这些 API 是为那些普通应用程序（Native App）而非浏览器应用使用`**。它的终极目标就是提供一个类似于 Python、Ruby 之类的脚本一样的标准库，开发者可以用这样的东西一样来做到 Python、Ruby 能做到的事，而非仅仅局限于网页中的效果或者功能实现，它也可以跑在本地。所以说下面的事情对于 JavaScript 来说不再是梦：\n\n> 服务端JavaScript应用\n> \n> 命令行工具\n> \n> 图形界面应用\n> \n> 混合应用（Titanium、Adobe AIR等）\n\n那么，它具体弥补了前端JavaScript 的哪些空白呢？**`其实这也涉及了很多前端JavaScript 所没有涉及的东西，如二进制、编码、IO、文件、系统、断言测试、套接字、事件队列、Worker、控制台等等`**。\n\n**`CommonJS制定了解决这些问题的一些规范,而Node.js就是这些规范的一种实现`**。**`Node.js自身实现了require方法作为其引入模块的方法,同时NPM也基于CommonJS定义的包规范,实现了依赖管理和模块自动安装等功能`**。这里我们将深入一下Node.js的require机制和NPM基于包规范的应用。\n\n## 1.2 简单模块定义和使用\n\n在Node.js中,定义一个模块十分方便。我们以计算圆形的面积和周长两个方法为例,来表现Node.js中模块的定义方式。\n\n```\n￼var PI = Math.PI; \nexports.area = function (r) {\n    return PI * r * r;     \n};\nexports.circumference = function (r) { \n    return 2 * PI * r;\n};\n```\n\n将这个文件存为circle.js,并新建一个app.js文件,并写入以下代码:\n\n```\n￼var circle = require(\'./circle.js\');\nconsole.log(\'The area of a circle of radius 4 is\' + circle.area(4));\n```\n\n可以看到模块调用也十分方便,**`只需要require需要调用的文件即可`**。\n\n**`在require了这个文件之后,定义在exports对象上的方法便可以随意调用`**。Node.js将模块的定义和调用都封装得极其简单方便,从API对用户友好这一个角度来说,Node.js的模块机制是非常优秀的。\n\n例如把我们的服务器脚本放到一个叫做 start 的函数里，然后我们会导出这个函数。代码放在server.js文件：\n\n```\nvar http = require("http");\n\nfunction start() {\n    function onRequest(request, response) {\n        console.log("Request received.");\n        response.writeHead(200, {"Content-Type": "text/plain"});\n        response.write("Hello World");\n        response.end();\n    }\n\n    http.createServer(onRequest).listen(8888);\n    console.log("Server has started.");\n}\n\nexports.start = start;\n```\n\n这样，我们现在就可以创建我们的主文件 index.js 并在其中启动我们的HTTP了，虽然服务器的代码还在 server.js 中。创建 index.js 文件并写入以下内容：\n\n```\nvar server = require("./server");\n\nserver.start();\n```\n\n## 1.3 exports与module.exports的区别\n\n上一节已经使用了用来创建函数的exports对象，来导出一个模块（假设一个名为rocker.js的文件）：\n\n```\nexports.name = function() {\n    console.log(\'My name is Lemmy Kilmister\');\n};\n```\n\n然后你在另一个文件中调用：\n\n```\nvar rocker = require(\'./rocker.js\');\nrocker.name(); // \'My name is Lemmy Kilmister\'\n```\n\n但是module.exports到底是个什么玩意儿? 它合法吗？\n\n令人吃惊的是module.exports是真实存在的东西。**`exports只是module.exports的辅助方法。你的模块最终返回module.exports给调用者，而不是exports。exports所做的事情是收集属性，如果module.exports当前没有任何属性的话，exports会把这些属性赋予module.exports。如果module.exports已经存在一些属性的话，那么exports中所用的东西都会被忽略`**。\n\n把下面的内容放到rocker.js:\n\n```\nmodule.exports = \'ROCK IT!\';\nexports.name = function() {\n    console.log(\'My name is Lemmy Kilmister\');\n};\n```\n\n然后把下面的内容放到另一个文件中，执行它：\n\n```\nvar rocker = require(\'./rocker.js\');\nrocker.name(); // TypeError: Object ROCK IT! has no method \'name\'\n```\n\n**`rocker模块完全忽略了exports.name，然后返回了一个字符串\'ROCK IT!\'`**。通过上面的例子，你可能认识到你的模块不一定非得是模块实例（module instances）。**`你的模块可以是任何合法的JavaScript对象 - boolean，number，date，JSON， string，function，array和其他`**。你的模块可以是任何你赋予module.exports的值。**`如果你没有明确的给module.exports设置任何值，那么exports中的属性会被赋给module.exports中，然后并返回它`**。\n\n**在下面的情况下，你的模块是一个类：**\n\n```\nmodule.exports = function(name, age) {\n    this.name = name;\n    this.age = age;\n    this.about = function() {\n        console.log(this.name +\' is \'+ this.age +\' years old\');\n    };\n};\n```\n\n然后你应该这样使用它：\n\n```\nvar Rocker = require(\'./rocker.js\');\nvar r = new Rocker(\'Ozzy\', 62);\nr.about(); // Ozzy is 62 years old\n```\n\n**在下面的情况下，你的模块是一个数组：**\n\n```\nmodule.exports = [\'Lemmy Kilmister\', \'Ozzy Osbourne\', \'Ronnie James Dio\', \'Steven Tyler\', \'Mick Jagger\'];\n```\n\n然后你应该这样使用它：\n\n```\nvar rocker = require(\'./rocker.js\');\nconsole.log(\'Rockin in heaven: \' + rocker[2]); //Rockin in heaven: Ronnie James Dio\n```\n\n现在你应该找到要点了 - **`如果你想要你的模块成为一个特别的对象类型，那么使用module.exports；如果你希望你的模块成为一个传统的模块实例（module instance），使用exports`**。\n\n**把属性赋予module.exports的结果与把属性赋予给exports是一样的。看下面这个例子：**\n\n```\nmodule.exports.name = function() {\n    console.log(\'My name is Lemmy Kilmister\');\n};\n```\n\n下面这个做的是一样的事情：\n\n```\nexports.name = function() {\n    console.log(\'My name is Lemmy Kilmister\');\n};\n```\n\n但是请注意，它们并不是一样的东西。**`就像我之前说的module.exports是真实存在的东西，exports只是它的辅助方法`**。话虽如此，**`exports还是推荐的对象，除非你想把你模块的对象类型从传统的模块实例（module instance）修改为其他的`**。\n\n## 1.4 模块载入策略\n\nNode.js的模块分为两类,**`一类为原生(核心)模块,一类为文件模块`**。**`原生模块在Node.js源代码编译的时候编译进了二进制执行文件,加载的速度最快`**。另一类**`文件模块是动态加载的,加载速度比原生模块慢`**。但是**`Node.js对原生模块和文件模块都进行了缓存`**,于是在第二次require时,是不会有重复开销的。**`其中原生模块都被定义在lib这个目录下面,文件模块则不定性`**。\n\n```\n￼node app.js\n```\n\n**`由于通过命令行加载启动的文件几乎都为文件模块。`**我们从Node.js如何加载文件模块开始谈起。**`加载文件模块的工作,主要由原生模块module来实现和完成,该原生模块在启动时已经被加载,进程直接调用到runMain静态方法。`**\n\n```\n￼// bootstrap main module.\nModule.runMain = function () {\n    // Load the main module--the command line arg\n    Module._load(process.argv[1], null, true); \n};\n```\n\n_load静态方法在分析文件名之后执行：\n\n```\n￼var module = new Module(id, parent);\n```\n\n并根据文件路径缓存当前模块对象,该模块实例对象则根据文件名加载。\n\n```\n￼module.load(filename);\n```\n\n**`实际上在文件模块中,又分为3类模块`**。这三类文件模块以后缀来区分,Node.js会根据后缀名来决定加载方法：\n\n> **.js。**通过fs模块同步读取js文件并编译执行。\n> \n> **.node。**通过C/C++进行编写的Addon。通过dlopen方法进行加载。 \n> \n> **.json。**读取文件,调用JSON.parse解析加载。\n\n这里我们将详细描述js后缀的编译过程。**`Node.js在编译js文件的过程中实际完成的步骤有对js文件内容进行头尾包装`**。以app.js为例,包装之后的app.js将会变成以下形式:\n\n```\n￼(function (exports, require, module, __filename, __dirname) {\n    var circle = require(\'./circle.js\');\n    console.log(\'The area of a circle of radius 4 is \' + circle.area(4));\n});\n```\n\n这段代码会**`通过vm原生模块的runInThisContext方法执行(类似eval,只是具有明确上下文,不污染全局),返回为一个具体的function对象。最后传入module对象的exports,require方法,module,文件名,目录名作为实参并执行`**。\n\n**`这就是为什么require并没有定义在app.js文件中,但是这个方法却存在的原因`**。从Node.js的API文档中**`可以看到还有__filename、__dirname、module、 exports几个没有定义但是却存在的变量`**。其中__filename和__dirname在查找文件路径的过程中分析得到后传入的。**`module变量是这个模块对象自身,exports是在module的构造函数中初始化的一个空对象({},而不是 null)`**。\n\n在这个主文件中,可以通过require方法去引入其余的模块。**`而其实这个require方法实际调用的就是load方法`**。\n\nload方法在载入、编译、缓存了module后,返回module的exports对象。**`这就是circle.js文件中只有定义在exports对象上的方法才能被外部调用的原因`**。\n\n**以上所描述的模块载入机制均定义在lib/module.js中。**\n\n## 1.5 require方法中的文件查找策略\n\n由于Node.js中存在**`4类模块(原生模块和3种文件模块)`**,尽管require方法极其简单,但是内部的加载却是十分复杂的,其加载优先级也各自不同。\n\n![image](http://upload-images.jianshu.io/upload_images/5420078-56ec0eeb8a18f5cf.png?imageMogr2/auto-orient/strip%7CimageView2/2/w/1240)\n\n1.  **从文件模块缓存中加载**\n\n    尽管原生模块与文件模块的优先级不同,但是**`都不会优先于从文件模块的缓存`**中加载已经存在的模块。\n\n2.  **从原生模块加载**\n\n    **`原生模块的优先级仅次于文件模块缓存的优先级。`**require方法在解析文件名之后,优先检查模块是否在原生模块列表中。以http模块为例,尽管在目录下存在一个http/http.js/http.node/http.json文件,require(“http”)都不会从这些文件中加载,而是从原生模块中加载。\n\n    **`原生模块也有一个缓存区,同样也是优先从缓存区加载。`**如果缓存区没有被加载过,则调用原生模块的加载方式进行加载和执行。\n\n3.  **从文件加载**\n\n    当文件模块缓存中不存在,而且不是原生模块的时候,**Node.js会解析require方法传入的参数,并从文件系统中加载实际的文件**,加载过程中的包装和编译细节在前一节中已经介绍过,这里我们将详细描述查找文件模块的过程,其中, 也有一些细节值得知晓。\n\n**require方法接受以下几种参数的传递:**\n\n> http、fs、path等,原生模块。\n> \n> /mod或../mod,相对路径的文件模块。 \n> \n> /pathtomodule/mod,绝对路径的文件模块。 \n> \n> mod,非原生模块的文件模块。\n\n在进入路径查找之前有必要描述一下modulepath这个Node.js中的概念。**`对于每一个被加载的文件模块,创建这个模块对象的时候,这个模块便会有一个paths属性,其值根据当前文件的路径计算得到`**。我们创建modulepath.js这样一个文件,其内容为:\n\n```\nconsole.log(module.paths);\n```\n\n我们将其放到任意一个目录中执行node modulepath.js命令,将得到以下的输出结果：\n\n```\n[\n    \'/home/jackson/research/node_modules\',\n    \'/home/jackson/node_modules\',\n    \'/home/node_modules\',\n    \'/node_modules\'\n]\n```\n\n可以看出module path的生成规则为：**`从当前文件目录开始查找node_modules目录;然后依次进入父目录,查找父目录下的node_modules目录;依次迭代, 直到根目录下的node_modules目录。`**\n\n除此之外还有一个全局module path,**`是当前node执行文件的相对目录 (../../lib/node)`。`如果在环境变量中设置了HOME目录和NODE_PATH目录的话,整个路径还包含NODE_PATH和HOME目录下的.node_libraries 与.node_modules`**。其最终值大致如下:\n\n```\n[\n    NODE_PATH,\n    HOME/.node_modules,\n    HOME/.node_libraries,\n    execPath/../../lib/node\n]\n```\n\n**下图是笔者从源代码中整理出来的整个文件查找流程：**\n\n![image](http://upload-images.jianshu.io/upload_images/5420078-1f19f476cf5e1d3d.png?imageMogr2/auto-orient/strip%7CimageView2/2/w/1240\n\n简而言之,**`如果require绝对路径的文件,查找时不会去遍历每一个node_modules目录,其速度最快`**。其余流程如下:\n\n> 1.  从modulepath数组中取出第一个目录作为查找基准。\n>     \n>     \n>     \n> \n> 2.  直接从目录中查找该文件,如果存在,则结束查找。如果不存在,则进行下一条查找。\n>     \n>     \n>     \n> \n> 3.  尝试添加.js、.json、.node后缀后查找,如果存在文件,则结束查找。如果不存在,则进行下一条。\n>     \n>     \n>     \n> \n> 4.  尝试将require的参数作为一个包来进行查找,读取目录下的package.json文件,取得main参数指定的文件。\n>     \n>     \n>     \n> \n> 5.  尝试查找该文件,如果存在,则结束查找。如果不存在,则进行第3条查找。\n>     \n>     \n>     \n> \n> 6.  如果继续失败,则取出modulepath数组中的下一个目录作为基准查找,循环第1至5个步骤。\n>     \n>     \n>     \n> \n> 7.  如果继续失败,循环第1至6个步骤,直到modulepath中的最后一个值。\n>     \n>     \n>     \n> \n> 8.  如果仍然失败,则抛出异常。\n\n整个查找过程十分类似原型链的查找和作用域的查找。`所幸Node.js对路径查找实现了缓存机制`,否则由于每次判断路径都是同步阻塞式进行,会导致严重的性能消耗。\n\n## 1.6 包结构\n\n前面提到JavaScript缺少包结构。CommonJS致力于改变这种现状,于是定义了包的结构规范([http://wiki.commonjs.org/wiki/Packages/1.0](http://wiki.commonjs.org/wiki/Packages/1.0))。**`而NPM的出现则是为了在CommonJS规范的基础上,实现解决包的安装卸载,依赖管理,版本管理等问题`**。require的查找机制明了之后,我们来看一下包的细节。\n\n**一个符合CommonJS规范的包应该是如下这种结构:**\n\n> 一个package.json文件应该存在于包顶级目录下。\n> \n> 二进制文件应该包含在bin目录下。 \n> \n> JavaScript代码应该包含在lib目录下。 \n> \n> 文档应该在doc目录下。 \n> \n> 单元测试应该在test目录下。\n\n由上文的require的查找过程可以知道,**`Node.js在没有找到目标文件时,会将当前目录当作一个包来尝试加载,所以在package.json文件中最重要的一个字段就是main`**。而实际上,这一处是Node.js的扩展,标准定义中并不包含此字段, **`对于require,只需要main属性即可`**。但是在除此之外包需要接受安装、卸载、依赖管理,版本管理等流程,所以CommonJS为package.json文件定义了如下一些必须的字段:\n\n> name : 包名,需要在NPM上是唯一的。不能带有空格。 \n> \n> description : 包简介。通常会显示在一些列表中。 \n> \n> version : 版本号。一个语义化的版本号([http://semver.org/](http://semver.org/)),通常为x.y.z。该版本号十分重要,常常用于一些版本控制的场合。\n> \n> keywords : 关键字数组。用于NPM中的分类搜索。\n> \n> maintainers : 包维护者的数组。数组元素是一个包含name、email、web三个属性的JSON对象。\n> \n> contributors : 包贡献者的数组。第一个就是包的作者本人。在开源社区,如果提交的patch被merge进master分支的话,就应当加上这个贡献patch的人。格式包含name和email。\n> \n> ```\n>  ￼"contributors": [{\n>          "name": "Jackson Tian", "email": "mail @gmail.com"\n>      }, {\n>          "name": "fengmk2", "email": "mail2@gmail.com"\n>  }],\n> ```\n> \n> bugs : 一个可以提交bug的URL地址。可以是邮件地址 (mailto:mailxx@domain),也可以是网页地址([http://url)。](http://url)%E3%80%82)\n> \n> licenses : 包所使用的许可证。例如:\n> \n> ```\n>  ￼"licenses": [{\n>      "type": "GPLv2",\n>      "url": "http://www.example.com/licenses/gpl.html",\n>  }]\n> ```\n> \n> repositories : 托管源代码的地址数组。\n> \n> dependencies : 当前包需要的依赖。这个属性十分重要,NPM会通过这个属性,帮你自动加载依赖的包。\n\n**以下是Express框架的package.json文件,值得参考：**\n\n```\n{\n  "_args": [\n    [\n      "express@~4.13.1",\n      "/Users/TaoBangren/git@osc/king-node"\n    ]\n  ],\n  "_from": "express@>=4.13.1 <4.14.0",\n  "_id": "express@4.13.3",\n  "_inCache": true,\n  "_installable": true,\n  "_location": "/express",\n  "_npmUser": {\n    "email": "doug@somethingdoug.com",\n    "name": "dougwilson"\n  },\n  "_npmVersion": "1.4.28",\n  "_phantomChildren": {},\n  "_requested": {\n    "name": "express",\n    "raw": "express@~4.13.1",\n    "rawSpec": "~4.13.1",\n    "scope": null,\n    "spec": ">=4.13.1 <4.14.0",\n    "type": "range"\n  },\n  "_requiredBy": [\n    "/"\n  ],\n  "_resolved": "https://registry.npmjs.org/express/-/express-4.13.3.tgz",\n  "_shasum": "ddb2f1fb4502bf33598d2b032b037960ca6c80a3",\n  "_shrinkwrap": null,\n  "_spec": "express@~4.13.1",\n  "_where": "/Users/TaoBangren/git@osc/king-node",\n  "author": {\n    "email": "tj@vision-media.ca",\n    "name": "TJ Holowaychuk"\n  },\n  "bugs": {\n    "url": "https://github.com/strongloop/express/issues"\n  },\n  "contributors": [\n    {\n      "name": "Aaron Heckmann",\n      "email": "aaron.heckmann+github@gmail.com"\n    },\n    {\n      "name": "Ciaran Jessup",\n      "email": "ciaranj@gmail.com"\n    },\n    {\n      "name": "Douglas Christopher Wilson",\n      "email": "doug@somethingdoug.com"\n    },\n    {\n      "name": "Guillermo Rauch",\n      "email": "rauchg@gmail.com"\n    },\n    {\n      "name": "Jonathan Ong",\n      "email": "me@jongleberry.com"\n    },\n    {\n      "name": "Roman Shtylman",\n      "email": "shtylman+expressjs@gmail.com"\n    },\n    {\n      "name": "Young Jae Sim",\n      "email": "hanul@hanul.me"\n    }\n  ],\n  "dependencies": {\n    "accepts": "~1.2.12",\n    "array-flatten": "1.1.1",\n    "content-disposition": "0.5.0",\n    "content-type": "~1.0.1",\n    "cookie": "0.1.3",\n    "cookie-signature": "1.0.6",\n    "debug": "~2.2.0",\n    "depd": "~1.0.1",\n    "escape-html": "1.0.2",\n    "etag": "~1.7.0",\n    "finalhandler": "0.4.0",\n    "fresh": "0.3.0",\n    "merge-descriptors": "1.0.0",\n    "methods": "~1.1.1",\n    "on-finished": "~2.3.0",\n    "parseurl": "~1.3.0",\n    "path-to-regexp": "0.1.7",\n    "proxy-addr": "~1.0.8",\n    "qs": "4.0.0",\n    "range-parser": "~1.0.2",\n    "send": "0.13.0",\n    "serve-static": "~1.10.0",\n    "type-is": "~1.6.6",\n    "utils-merge": "1.0.0",\n    "vary": "~1.0.1"\n  },\n  "description": "Fast, unopinionated, minimalist web framework",\n  "devDependencies": {\n    "after": "0.8.1",\n    "body-parser": "~1.13.3",\n    "connect-redis": "~2.4.1",\n    "cookie-parser": "~1.3.5",\n    "cookie-session": "~1.2.0",\n    "ejs": "2.3.3",\n    "express-session": "~1.11.3",\n    "istanbul": "0.3.17",\n    "jade": "~1.11.0",\n    "marked": "0.3.5",\n    "method-override": "~2.3.5",\n    "mocha": "2.2.5",\n    "morgan": "~1.6.1",\n    "multiparty": "~4.1.2",\n    "should": "7.0.2",\n    "supertest": "1.0.1",\n    "vhost": "~3.0.1"\n  },\n  "directories": {},\n  "dist": {\n    "shasum": "ddb2f1fb4502bf33598d2b032b037960ca6c80a3",\n    "tarball": "http://registry.npmjs.org/express/-/express-4.13.3.tgz"\n  },\n  "engines": {\n    "node": ">= 0.10.0"\n  },\n  "files": [\n    "History.md",\n    "LICENSE",\n    "Readme.md",\n    "index.js",\n    "lib/"\n  ],\n  "gitHead": "ef7ad681b245fba023843ce94f6bcb8e275bbb8e",\n  "homepage": "http://expressjs.com/",\n  "keywords": [\n    "api",\n    "app",\n    "express",\n    "framework",\n    "rest",\n    "restful",\n    "router",\n    "sinatra",\n    "web"\n  ],\n  "license": "MIT",\n  "maintainers": [\n    {\n      "name": "tjholowaychuk",\n      "email": "tj@vision-media.ca"\n    },\n    {\n      "name": "jongleberry",\n      "email": "jonathanrichardong@gmail.com"\n    },\n    {\n      "name": "dougwilson",\n      "email": "doug@somethingdoug.com"\n    },\n    {\n      "name": "rfeng",\n      "email": "enjoyjava@gmail.com"\n    },\n    {\n      "name": "aredridel",\n      "email": "aredridel@dinhe.net"\n    },\n    {\n      "name": "strongloop",\n      "email": "callback@strongloop.com"\n    },\n    {\n      "name": "defunctzombie",\n      "email": "shtylman@gmail.com"\n    }\n  ],\n  "name": "express",\n  "optionalDependencies": {},\n  "readme": "ERROR: No README data found!",\n  "repository": {\n    "type": "git",\n    "url": "git+https://github.com/strongloop/express.git"\n  },\n  "scripts": {\n    "test": "mocha --require test/support/env --reporter spec --bail --check-leaks test/ test/acceptance/",\n    "test-ci": "istanbul cover node_modules/mocha/bin/_mocha --report lcovonly -- --require test/support/env --reporter spec --check-leaks test/ test/acceptance/",\n    "test-cov": "istanbul cover node_modules/mocha/bin/_mocha -- --require test/support/env --reporter dot --check-leaks test/ test/acceptance/",\n    "test-tap": "mocha --require test/support/env --reporter tap --check-leaks test/ test/acceptance/"\n  },\n  "version": "4.13.3"\n}\n```\n\n除了前面提到的几个必选字段外,我们还发现了一些额外的字段,如bin、 scripts、engines、devDependencies、author。**`这里可以重点提及一下scripts字段。包管理器(NPM)在对包进行安装或者卸载的时候需要进行一些编译或者清除的工作,scripts字段的对象指明了在进行操作时运行哪个文件,或者执行拿条命令`**。如下为一个较全面的scripts案例:\n\n```\n￼"scripts": {\n    "install": "install.js",\n    "uninstall": "uninstall.js",\n    "build": "build.js",\n    "doc": "make-doc.js",\n    "test": "test.js"\n}\n```\n\n如果你完善了自己的JavaScript库,使之实现了CommonJS的包规范,那么你可以通过NPM来发布自己的包,为NPM上5000+的基础上再加一个模块。\n\n```\n￼npm publish <folder>\n```\n\n命令十分简单。但是在这之前你需要通过npm adduser命令在NPM上注册一个帐户,以便后续包的维护。NPM会分析该文件夹下的package.json文件,然后上传目录到NPM的站点上。用户在使用你的包时,也十分简明:\n\n```\n￼npm install <package>\n```\n\n甚至对于NPM无法安装的包(因为某些奇怪的网络原因),可以通过github手动下载其稳定版本,解压之后通过以下命令进行安装:\n\n```\n￼npm install <package.json folder>\n```\n\n**`只需将路径指向package.json存在的目录即可`**。然后在代码中require(\'package\')即可使用。\n\nNode.js中的require内部流程之复杂,而方法调用之简单,实在值得叹为观止。更多NPM使用技巧可以参见[http://www.infoq.com/cn/articles/msh-using-npm-manage-node.js-dependence](http://www.infoq.com/cn/articles/msh-using-npm-manage-node.js-dependence)。\n\n# 2 Node.js模块与前端模块的异同\n\n通常有一些模块可以同时适用于前后端,**`但是在浏览器端通过script标签的载入JavaScript文件的方式与Node.js不同`**。\n\n> Node.js在载入到最终的执行中,进行了包装,**`使得每个文件中的变量天然的形成在一个闭包之中,不会污染全局变量`**。\n> \n> **`浏览器端则通常是裸露的JavaScript代码片段`**。\n\n所以为了解决前后端一致性的问题,**`类库开发者需要将类库代码包装在一个闭包内`**。以下代码片段**`抽取自著名类库underscore的定义方式`**。\n\n```\n￼(function () {\n    // Establish the root object, `window` in the browser, or `global` on the server.\n    var root = this;\n    var _ = function (obj) {\n        return new wrapper(obj);   \n    };\n    if (typeof exports !== \'undefined\') {\n        if (typeof module !== \'undefined\' && module.exports) {\n            exports = module.exports = _;\n        }\n        exports._ = _;\n    } else if (typeof define === \'function\' && define.amd) {\n        // Register as a named module with AMD.\n        define(\'underscore\', function () {\n            return _;\n        });    \n    } else {\n        root[\'_\'] = _;        \n    }\n}).call(this);\n```\n\n首先,**`它通过function定义构建了一个闭包,将this作为上下文对象直接call调用`**,以避免内部变量污染到全局作用域。**`进而通过判断exports是否存在来决定将局部变量_绑定给exports,并且根据define变量是否存在`**,作为处理在实现了AMD规范环境([http://wiki.commonjs.org/wiki/Modules/AsynchronousDefinition](http://wiki.commonjs.org/wiki/Modules/AsynchronousDefinition))下的使用案例。**`仅只当处于浏览器的环境中的时候,this指向的是全局对象(window对象),才将_变量赋在全局对象上,作为一个全局对象的方法导出,以供外部调用`**。\n\n**所以在设计前后端通用的JavaScript类库时,都有着以下类似的判断:**\n\n```\n￼if (typeof exports !== "undefined") {\n    exports.EventProxy = EventProxy;\n} else {\n    this.EventProxy = EventProxy;\n}\n```\n\n即,**`如果exports对象存在,则将局部变量挂载在exports对象上,如果不存在,则挂载在全局对象上`**。\n\n转自作者：陶邦仁\n链接：http://www.jianshu.com/p/3cfa31ae5631\n來源：简书\n著作权归作者所有。商业转载请联系作者获得授权，非商业转载请注明出处。\n' },
    key: undefined } ] 'results'
[2019-01-28 17:41:28.739] [INFO] http - ::ffff:127.0.0.1 - - "POST /posts/create HTTP/1.1" 200 13 "http://localhost:9000/document/new" "Mozilla/5.0 (Macintosh; Intel Mac OS X 10_14_0) AppleWebKit/537.36 (KHTML, like Gecko) Chrome/71.0.3578.98 Safari/537.36"
[2019-01-28 17:41:30.425] [INFO] console - [ [ { object: [Object], key: undefined },
    { object: [Object], key: undefined } ] ] 'results'
[2019-01-28 17:41:30.429] [INFO] http - ::ffff:127.0.0.1 - - "GET /posts/list?author=5c4a6b17c81cb7496c3570f4 HTTP/1.1" 200 208 "http://localhost:9000/document/my" "Mozilla/5.0 (Macintosh; Intel Mac OS X 10_14_0) AppleWebKit/537.36 (KHTML, like Gecko) Chrome/71.0.3578.98 Safari/537.36"
[2019-01-28 17:41:31.815] [INFO] console - [ [ { object: [Object], key: undefined },
    { object: [Object], key: undefined } ] ] 'results'
[2019-01-28 17:41:31.819] [INFO] http - ::ffff:127.0.0.1 - - "GET /posts/getPost?id=5c4ece48a88b3def41a39e32 HTTP/1.1" 200 28519 "http://localhost:9000/document/my" "Mozilla/5.0 (Macintosh; Intel Mac OS X 10_14_0) AppleWebKit/537.36 (KHTML, like Gecko) Chrome/71.0.3578.98 Safari/537.36"
[2019-01-28 17:44:13.148] [INFO] console - [ [ { object: [Object], key: undefined },
    { object: [Object], key: undefined } ] ] 'results'
[2019-01-28 17:44:13.165] [WARN] http - undefined - - "GET /posts/list?author=5c4a6b17c81cb7496c3570f4 HTTP/1.1" 304 - "http://localhost:9000/document/my" "Mozilla/5.0 (Macintosh; Intel Mac OS X 10_14_0) AppleWebKit/537.36 (KHTML, like Gecko) Chrome/71.0.3578.98 Safari/537.36"
[2019-01-28 17:44:16.035] [INFO] console - [ [ { object: [Object], key: undefined },
    { object: [Object], key: undefined } ] ] 'results'
[2019-01-28 17:44:16.040] [WARN] http - undefined - - "GET /posts/getPost?id=5c4ece48a88b3def41a39e32 HTTP/1.1" 304 - "http://localhost:9000/document/my" "Mozilla/5.0 (Macintosh; Intel Mac OS X 10_14_0) AppleWebKit/537.36 (KHTML, like Gecko) Chrome/71.0.3578.98 Safari/537.36"
[2019-01-28 17:45:50.382] [INFO] console - [ [ { object: [Object], key: undefined },
    { object: [Object], key: undefined } ] ] 'results'
[2019-01-28 17:45:50.385] [WARN] http - undefined - - "GET /posts/list?author=5c4a6b17c81cb7496c3570f4 HTTP/1.1" 304 - "http://localhost:9000/document/my" "Mozilla/5.0 (Macintosh; Intel Mac OS X 10_14_0) AppleWebKit/537.36 (KHTML, like Gecko) Chrome/71.0.3578.98 Safari/537.36"
[2019-01-28 17:46:36.223] [INFO] console - [ [ { object: [Object], key: undefined },
    { object: [Object], key: undefined } ] ] 'results'
[2019-01-28 17:46:36.228] [WARN] http - undefined - - "GET /posts/getPost?id=5c4ece48a88b3def41a39e32 HTTP/1.1" 304 - "http://localhost:9000/document/my" "Mozilla/5.0 (Macintosh; Intel Mac OS X 10_14_0) AppleWebKit/537.36 (KHTML, like Gecko) Chrome/71.0.3578.98 Safari/537.36"
[2019-01-28 17:47:25.490] [INFO] console - [ [ { object: [Object], key: undefined },
    { object: [Object], key: undefined } ] ] 'results'
[2019-01-28 17:47:25.493] [WARN] http - undefined - - "GET /posts/list?author=5c4a6b17c81cb7496c3570f4 HTTP/1.1" 304 - "http://localhost:9000/document/my" "Mozilla/5.0 (Macintosh; Intel Mac OS X 10_14_0) AppleWebKit/537.36 (KHTML, like Gecko) Chrome/71.0.3578.98 Safari/537.36"
[2019-01-28 17:47:33.825] [INFO] console - [ [ { object: [Object], key: undefined },
    { object: [Object], key: undefined } ] ] 'results'
[2019-01-28 17:47:33.830] [WARN] http - undefined - - "GET /posts/list?author=5c4a6b17c81cb7496c3570f4 HTTP/1.1" 304 - "http://localhost:9000/document/my" "Mozilla/5.0 (Macintosh; Intel Mac OS X 10_14_0) AppleWebKit/537.36 (KHTML, like Gecko) Chrome/71.0.3578.98 Safari/537.36"
[2019-01-28 17:47:37.209] [INFO] console - [ [ { object: [Object], key: undefined },
    { object: [Object], key: undefined } ] ] 'results'
[2019-01-28 17:47:37.213] [WARN] http - undefined - - "GET /posts/getPost?id=5c4ece48a88b3def41a39e32 HTTP/1.1" 304 - "http://localhost:9000/document/my" "Mozilla/5.0 (Macintosh; Intel Mac OS X 10_14_0) AppleWebKit/537.36 (KHTML, like Gecko) Chrome/71.0.3578.98 Safari/537.36"
[2019-01-28 17:47:56.774] [INFO] console - [ [ { object: [Object], key: undefined },
    { object: [Object], key: undefined } ] ] 'results'
[2019-01-28 17:47:56.777] [WARN] http - undefined - - "GET /posts/list?author=5c4a6b17c81cb7496c3570f4 HTTP/1.1" 304 - "http://localhost:9000/document/my" "Mozilla/5.0 (Macintosh; Intel Mac OS X 10_14_0) AppleWebKit/537.36 (KHTML, like Gecko) Chrome/71.0.3578.98 Safari/537.36"
[2019-01-28 17:48:07.080] [INFO] console - [ [ { object: [Object], key: undefined },
    { object: [Object], key: undefined } ] ] 'results'
[2019-01-28 17:48:07.084] [WARN] http - undefined - - "GET /posts/getPost?id=5c4ece48a88b3def41a39e32 HTTP/1.1" 304 - "http://localhost:9000/document/my" "Mozilla/5.0 (Macintosh; Intel Mac OS X 10_14_0) AppleWebKit/537.36 (KHTML, like Gecko) Chrome/71.0.3578.98 Safari/537.36"
[2019-01-28 17:48:47.192] [INFO] console - [ [ { object: [Object], key: undefined },
    { object: [Object], key: undefined } ] ] 'results'
[2019-01-28 17:48:47.198] [WARN] http - undefined - - "GET /posts/list?author=5c4a6b17c81cb7496c3570f4 HTTP/1.1" 304 - "http://localhost:9000/document/my" "Mozilla/5.0 (Macintosh; Intel Mac OS X 10_14_0) AppleWebKit/537.36 (KHTML, like Gecko) Chrome/71.0.3578.98 Safari/537.36"
[2019-01-28 17:51:23.492] [INFO] console - [ [ { object: [Object], key: undefined },
    { object: [Object], key: undefined } ] ] 'results'
[2019-01-28 17:51:23.494] [WARN] http - undefined - - "GET /posts/list?author=5c4a6b17c81cb7496c3570f4 HTTP/1.1" 304 - "http://localhost:9000/document/my" "Mozilla/5.0 (Macintosh; Intel Mac OS X 10_14_0) AppleWebKit/537.36 (KHTML, like Gecko) Chrome/71.0.3578.98 Safari/537.36"
[2019-01-28 17:51:26.754] [INFO] console - [ [ { object: [Object], key: undefined },
    { object: [Object], key: undefined } ] ] 'results'
[2019-01-28 17:51:26.756] [WARN] http - undefined - - "GET /posts/list?author=5c4a6b17c81cb7496c3570f4 HTTP/1.1" 304 - "http://localhost:9000/document/my" "Mozilla/5.0 (Macintosh; Intel Mac OS X 10_14_0) AppleWebKit/537.36 (KHTML, like Gecko) Chrome/71.0.3578.98 Safari/537.36"
[2019-01-28 17:51:33.492] [INFO] console - [ [ { object: [Object], key: undefined },
    { object: [Object], key: undefined } ] ] 'results'
[2019-01-28 17:51:33.494] [INFO] http - ::ffff:127.0.0.1 - - "GET /posts/list?author=5c4a6b17c81cb7496c3570f4 HTTP/1.1" 200 208 "http://localhost:9000/document/my" "Mozilla/5.0 (Macintosh; Intel Mac OS X 10_14_0) AppleWebKit/537.36 (KHTML, like Gecko) Chrome/71.0.3578.98 Safari/537.36"
[2019-01-28 17:51:49.908] [INFO] console - [ [ { object: [Object], key: undefined },
    { object: [Object], key: undefined } ] ] 'results'
[2019-01-28 17:51:49.911] [WARN] http - undefined - - "GET /posts/list?author=5c4a6b17c81cb7496c3570f4 HTTP/1.1" 304 - "http://localhost:9000/document/my" "Mozilla/5.0 (Macintosh; Intel Mac OS X 10_14_0) AppleWebKit/537.36 (KHTML, like Gecko) Chrome/71.0.3578.98 Safari/537.36"
[2019-01-28 17:52:32.360] [INFO] console - [ [ { object: [Object], key: undefined },
    { object: [Object], key: undefined } ] ] 'results'
[2019-01-28 17:52:32.366] [WARN] http - undefined - - "GET /posts/list?author=5c4a6b17c81cb7496c3570f4 HTTP/1.1" 304 - "http://localhost:9000/document/my" "Mozilla/5.0 (Macintosh; Intel Mac OS X 10_14_0) AppleWebKit/537.36 (KHTML, like Gecko) Chrome/71.0.3578.98 Safari/537.36"
[2019-01-28 17:53:20.889] [INFO] console - [ [ { object: [Object], key: undefined },
    { object: [Object], key: undefined } ] ] 'results'
[2019-01-28 17:53:20.893] [WARN] http - undefined - - "GET /posts/list?author=5c4a6b17c81cb7496c3570f4 HTTP/1.1" 304 - "http://localhost:9000/document/my" "Mozilla/5.0 (Macintosh; Intel Mac OS X 10_14_0) AppleWebKit/537.36 (KHTML, like Gecko) Chrome/71.0.3578.98 Safari/537.36"
[2019-01-28 17:53:23.681] [INFO] console - [ [ { object: [Object], key: undefined },
    { object: [Object], key: undefined } ] ] 'results'
[2019-01-28 17:53:23.683] [INFO] http - ::ffff:127.0.0.1 - - "GET /posts/getPost?id=5c4ece48a88b3def41a39e32 HTTP/1.1" 200 28519 "http://localhost:9000/document/my" "Mozilla/5.0 (Macintosh; Intel Mac OS X 10_14_0) AppleWebKit/537.36 (KHTML, like Gecko) Chrome/71.0.3578.98 Safari/537.36"
[2019-01-28 17:53:44.620] [INFO] console - [ [ { object: [Object], key: undefined },
    { object: [Object], key: undefined } ] ] 'results'
[2019-01-28 17:53:44.623] [WARN] http - undefined - - "GET /posts/list?author=5c4a6b17c81cb7496c3570f4 HTTP/1.1" 304 - "http://localhost:9000/document/my" "Mozilla/5.0 (Macintosh; Intel Mac OS X 10_14_0) AppleWebKit/537.36 (KHTML, like Gecko) Chrome/71.0.3578.98 Safari/537.36"
[2019-01-28 17:53:47.404] [INFO] console - [ [ { object: [Object], key: undefined },
    { object: [Object], key: undefined } ] ] 'results'
[2019-01-28 17:53:47.407] [WARN] http - undefined - - "GET /posts/getPost?id=5c4ece48a88b3def41a39e32 HTTP/1.1" 304 - "http://localhost:9000/document/my" "Mozilla/5.0 (Macintosh; Intel Mac OS X 10_14_0) AppleWebKit/537.36 (KHTML, like Gecko) Chrome/71.0.3578.98 Safari/537.36"
[2019-01-28 17:54:43.829] [INFO] console - [ [ { object: [Object], key: undefined },
    { object: [Object], key: undefined } ] ] 'results'
[2019-01-28 17:54:43.835] [WARN] http - undefined - - "GET /posts/list?author=5c4a6b17c81cb7496c3570f4 HTTP/1.1" 304 - "http://localhost:9000/document/my" "Mozilla/5.0 (Macintosh; Intel Mac OS X 10_14_0) AppleWebKit/537.36 (KHTML, like Gecko) Chrome/71.0.3578.98 Safari/537.36"
[2019-01-28 17:54:44.679] [INFO] console - [ [ { object: [Object], key: undefined },
    { object: [Object], key: undefined } ] ] 'results'
[2019-01-28 17:54:44.681] [WARN] http - undefined - - "GET /posts/list?author=5c4a6b17c81cb7496c3570f4 HTTP/1.1" 304 - "http://localhost:9000/document/my" "Mozilla/5.0 (Macintosh; Intel Mac OS X 10_14_0) AppleWebKit/537.36 (KHTML, like Gecko) Chrome/71.0.3578.98 Safari/537.36"
[2019-01-28 17:54:46.723] [INFO] console - [ [ { object: [Object], key: undefined },
    { object: [Object], key: undefined } ] ] 'results'
[2019-01-28 17:54:46.725] [WARN] http - undefined - - "GET /posts/getPost?id=5c4ece48a88b3def41a39e32 HTTP/1.1" 304 - "http://localhost:9000/document/my" "Mozilla/5.0 (Macintosh; Intel Mac OS X 10_14_0) AppleWebKit/537.36 (KHTML, like Gecko) Chrome/71.0.3578.98 Safari/537.36"
[2019-01-28 17:54:55.940] [INFO] console - [ [ { object: [Object], key: undefined },
    { object: [Object], key: undefined } ] ] 'results'
[2019-01-28 17:54:55.945] [WARN] http - undefined - - "GET /posts/list?author=5c4a6b17c81cb7496c3570f4 HTTP/1.1" 304 - "http://localhost:9000/document/my" "Mozilla/5.0 (Macintosh; Intel Mac OS X 10_14_0) AppleWebKit/537.36 (KHTML, like Gecko) Chrome/71.0.3578.98 Safari/537.36"
[2019-01-28 17:54:57.910] [INFO] console - [ [ { object: [Object], key: undefined },
    { object: [Object], key: undefined } ] ] 'results'
[2019-01-28 17:54:57.915] [WARN] http - undefined - - "GET /posts/getPost?id=5c4ece48a88b3def41a39e32 HTTP/1.1" 304 - "http://localhost:9000/document/my" "Mozilla/5.0 (Macintosh; Intel Mac OS X 10_14_0) AppleWebKit/537.36 (KHTML, like Gecko) Chrome/71.0.3578.98 Safari/537.36"
[2019-01-28 17:55:39.194] [INFO] console - [ [ { object: [Object], key: undefined },
    { object: [Object], key: undefined } ],
  [ { object: [Object], key: undefined },
    { object: [Object], key: undefined } ],
  { object: 
     { content: '# 两封信\n\n作者： 阮一峰\n\n日期：2005年9月6日\n\n一、\n\n1791年出版的《约翰逊传》（The life of Samuel Johnson）是文学史上最重要的传记之一。最近，我就在看此书的节译本（中国社会科学出版社，2004）。\n\n这本传记收录了约翰逊的一封信，引起了我的兴趣。\n\n1747年，约翰逊想编一本英语词典，写了一份计划书交给书商。后者建议词典出版时，在前面写上献给齐斯特菲尔特伯爵（Earl of Chesterfield），以换取伯爵的资助。约翰逊同意了，他当时生活很拮据。哪知伯爵对词典根本不感兴趣，漠不关心，这令约翰逊极为不满。\n\n1754年，历经千辛万苦，词典终于编成。伯爵听说后，幻想约翰逊不改初衷，还会把这本巨著献给他，于是在报纸上撰写了两篇文章，对这本词典大加赞美。\n\n《约翰逊传》这样写道：\n\n> “如果没有过去的不愉快事件，约翰逊一定受宠若惊，欣喜异常。一般说来，约翰逊很喜欢接受别人的赞美，尤其被一个具有显赫身份以及伟大成就的人赞美，更令他心中感激不已。可是这次，伯爵圆滑的策略却没有收到预期的效果。约翰逊对伯爵的甜言蜜语完全无动于衷。”\n\n他给伯爵回了一封信。这封信非常出名，很多英语文选中都收录了它。我读后，觉得约翰逊不仅会编词典，讽刺挖苦的本领也是一流。下面就是我翻译的这封信。\n\n> 《致齐斯特菲尔特伯爵》\n>\n> 1755年2月7日\n>\n> 尊敬的伯爵阁下，\n>\n> 最近，我从《世界日报》的业主处得知，该报上两篇推荐我所著字典的文章出自您之手。能够得到您的赞扬，这真是一种荣耀，但是由于我还不适应得到伟大人物的垂青，所以我不知该如何妥善接受，或用何等言语表达我的感激之情。\n>\n> 昔日，我曾受鼓动去拜访您，像其他人一样，我也被您言辞的魅力所打动，以至我情不自禁地希望自己能自夸是世界征服者的征服者，得到全世界都为之羡慕的重视。但是，我发现我的拜见并不受到欢迎，无论是出于自尊，还是出于谦逊，都使我无法再继续拜访您了。我曾当众向您致意过一次，这已经耗尽了我这个无名且无礼的学者所拥有的全部讨好的本事了。我已经做了我能做的一切了，没有人会愿意见到自己的努力被忽视，哪怕这种努力是如此微不足道。\n>\n> 尊敬的伯爵，自从我在您的接待室中苦苦等待、并被您拒之门外以后，七年已经过去了。在这段时间中，我克服种种困难，一直在推进我的工作。现在，再抱怨那些困难是没有用的，好在我的作品终于要出版了。在这七年中，您没有给过我一次支持，一句鼓励，甚至一个赞许的微笑。我并不期待这种待遇，因为以前我从没有过赞助人（Patron）。\n>\n> 在维吉尔的作品中，牧羊人最终找到了爱神，却发现他完全是铁石心肠。\n>\n> 尊敬的伯爵，难道赞助人是这样一种人吗，当有人溺水挣扎，他无动于衷，而等落水者上岸以后，他反倒给予援助？要是您以前曾关心过我的工作，那它将让我感到温暖；可是它姗姗来迟，直到现在我终于无所谓了，对它不再有丝毫欣赏；我已经习惯孤独，（我的妻子三年前去世了），我已经无法与人共享它了；而且现在我的工作已为人所知，也不再需要它了。既然没有任何受益，我想否认得到过您的恩惠，不使公众误解您是我的赞助人，也不会太过偏激吧。上帝会同意我这样做的。\n>\n> 迄今为止，我的工作所得到的学界领袖的帮助接近于无，我对此并不失望，即使帮助变得更少（如果发生这种情况的话），我也能完成我的工作。尊敬的伯爵，我早就不做美梦了，在那些梦里，我曾一度洋洋得意的自诩为\n>\n> 您最谦卑和服从的仆人，\n>\n> 塞缪尔.约翰逊\n\n二、\n\n在翻译的过程中，我不由想到了另一封信。\n\n在罗曼·罗兰的小说《约翰.克里斯朵夫》中，少年克里斯朵夫受到了克里赫太太的轻视。他无比愤怒，提笔写下了下面这封信。\n\n> 太太，我不知是不是像你所说的，你错看了我。我只知道我错看了你，吃了大亏。\n>\n> 我以为你们是我的朋友。你也这么说，面上也做得仿佛真是我的朋友，而我爱你们还远过于我的生命。现在我知道这些都是假的，你对我的亲热完全是骗人：你利用我，把我当消遣，替你们弄弄音乐，----我是你们的仆人。哼，我可不是你们的仆人！也不是任何人的仆人！\n>\n> 你那么无情的要我知道，我没有权利爱你的女儿。可是我的心要爱什么人，世界上无论什么也阻止不了；即使我没有你的门第，我可是和你一样高贵。唯有心才能使人高贵：我尽管不是一个伯爵，我的品德也许超过多少伯爵的品德。当差的也罢，伯爵也罢，只要侮辱了我，我都瞧不起他。所有那些自命高贵而没有高贵的心灵的人，我都看做象块污泥。\n>\n> 再会吧！你看错了我，欺骗了我。我瞧不起你。\n>\n> 我是不管你怎么样，始终爱着弥娜小姐爱到死的人。----（因为她是我的，什么都不能把她从我心里夺去的。）\n\n这封信和上一封信都是一个卑微者受到侮辱以后，充满自尊和愤怒的反击。虽然两者语气有轻重之分，但都清晰地发出了内心的呐喊，不管是谁，“只要侮辱了我，我都瞧不起他”！\n\n高中里，我第一次读《约翰.克里斯朵夫》，<u>这一封信让我体会到了什么叫做高贵的人格</u>。<u>这么多年过去了，在现实的压磨之下，我自问没有勇气和自信，当面斥责那些让我们灵魂蒙羞的人和事。对不堪的现实，我早已习以为常，变得妥协、恭顺和服从了。</u>\n\n那么就让我把这两封信记录下来，当作心灵的镜子。它们至少说明了，世界上存在过这样“威武不能屈，富贵不能淫，贫贱不能移”的灵魂，从而使我们依然有所期待、有所坚持。\n\n[\n](http://www.ruanyifeng.com/road/2005/2005-08-08-lyrics.html)' },
    key: undefined } ] 'results'
[2019-01-28 17:55:39.203] [INFO] http - ::ffff:127.0.0.1 - - "POST /posts/create HTTP/1.1" 200 13 "http://localhost:9000/document/new" "Mozilla/5.0 (Macintosh; Intel Mac OS X 10_14_0) AppleWebKit/537.36 (KHTML, like Gecko) Chrome/71.0.3578.98 Safari/537.36"
[2019-01-28 17:55:40.696] [INFO] console - [ [ { object: [Object], key: undefined },
    { object: [Object], key: undefined } ] ] 'results'
[2019-01-28 17:55:40.699] [INFO] http - ::ffff:127.0.0.1 - - "GET /posts/list?author=5c4a6b17c81cb7496c3570f4 HTTP/1.1" 200 367 "http://localhost:9000/document/my" "Mozilla/5.0 (Macintosh; Intel Mac OS X 10_14_0) AppleWebKit/537.36 (KHTML, like Gecko) Chrome/71.0.3578.98 Safari/537.36"
[2019-01-28 17:55:42.173] [INFO] console - [ [ { object: [Object], key: undefined },
    { object: [Object], key: undefined } ] ] 'results'
[2019-01-28 17:55:42.175] [INFO] http - ::ffff:127.0.0.1 - - "GET /posts/getPost?id=5c4ed19ba88b3def41a39e33 HTTP/1.1" 200 6558 "http://localhost:9000/document/my" "Mozilla/5.0 (Macintosh; Intel Mac OS X 10_14_0) AppleWebKit/537.36 (KHTML, like Gecko) Chrome/71.0.3578.98 Safari/537.36"
[2019-01-28 17:55:48.224] [INFO] console - [ [ { object: [Object], key: undefined },
    { object: [Object], key: undefined } ] ] 'results'
[2019-01-28 17:55:48.226] [WARN] http - undefined - - "GET /posts/getPost?id=5c4ece48a88b3def41a39e32 HTTP/1.1" 304 - "http://localhost:9000/document/my" "Mozilla/5.0 (Macintosh; Intel Mac OS X 10_14_0) AppleWebKit/537.36 (KHTML, like Gecko) Chrome/71.0.3578.98 Safari/537.36"
[2019-01-28 17:55:51.525] [INFO] console - [ [ { object: [Object], key: undefined },
    { object: [Object], key: undefined } ] ] 'results'
[2019-01-28 17:55:51.527] [WARN] http - undefined - - "GET /posts/getPost?id=5c4ed19ba88b3def41a39e33 HTTP/1.1" 304 - "http://localhost:9000/document/my" "Mozilla/5.0 (Macintosh; Intel Mac OS X 10_14_0) AppleWebKit/537.36 (KHTML, like Gecko) Chrome/71.0.3578.98 Safari/537.36"
[2019-01-28 17:55:53.517] [INFO] console - [ [ { object: [Object], key: undefined },
    { object: [Object], key: undefined } ] ] 'results'
[2019-01-28 17:55:53.523] [WARN] http - undefined - - "GET /posts/getPost?id=5c4ece48a88b3def41a39e32 HTTP/1.1" 304 - "http://localhost:9000/document/my" "Mozilla/5.0 (Macintosh; Intel Mac OS X 10_14_0) AppleWebKit/537.36 (KHTML, like Gecko) Chrome/71.0.3578.98 Safari/537.36"
[2019-01-28 17:57:30.214] [INFO] console - [ [ { object: [Object], key: undefined },
    { object: [Object], key: undefined } ] ] 'results'
[2019-01-28 17:57:30.216] [WARN] http - undefined - - "GET /posts/list?author=5c4a6b17c81cb7496c3570f4 HTTP/1.1" 304 - "http://localhost:9000/document/my" "Mozilla/5.0 (Macintosh; Intel Mac OS X 10_14_0) AppleWebKit/537.36 (KHTML, like Gecko) Chrome/71.0.3578.98 Safari/537.36"
[2019-01-28 17:57:32.430] [INFO] console - [ [ { object: [Object], key: undefined },
    { object: [Object], key: undefined } ] ] 'results'
[2019-01-28 17:57:32.431] [WARN] http - undefined - - "GET /posts/getPost?id=5c4ed19ba88b3def41a39e33 HTTP/1.1" 304 - "http://localhost:9000/document/my" "Mozilla/5.0 (Macintosh; Intel Mac OS X 10_14_0) AppleWebKit/537.36 (KHTML, like Gecko) Chrome/71.0.3578.98 Safari/537.36"
[2019-01-28 17:57:35.291] [INFO] console - [ [ { object: [Object], key: undefined },
    { object: [Object], key: undefined } ] ] 'results'
[2019-01-28 17:57:35.293] [WARN] http - undefined - - "GET /posts/getPost?id=5c4ece48a88b3def41a39e32 HTTP/1.1" 304 - "http://localhost:9000/document/my" "Mozilla/5.0 (Macintosh; Intel Mac OS X 10_14_0) AppleWebKit/537.36 (KHTML, like Gecko) Chrome/71.0.3578.98 Safari/537.36"
[2019-01-28 17:58:22.671] [INFO] console - [ [ { object: [Object], key: undefined },
    { object: [Object], key: undefined } ] ] 'results'
[2019-01-28 17:58:22.676] [WARN] http - undefined - - "GET /posts/list?author=5c4a6b17c81cb7496c3570f4 HTTP/1.1" 304 - "http://localhost:9000/document/my" "Mozilla/5.0 (Macintosh; Intel Mac OS X 10_14_0) AppleWebKit/537.36 (KHTML, like Gecko) Chrome/71.0.3578.98 Safari/537.36"
[2019-01-28 17:58:23.277] [INFO] console - [ [ { object: [Object], key: undefined },
    { object: [Object], key: undefined } ] ] 'results'
[2019-01-28 17:58:23.281] [WARN] http - undefined - - "GET /posts/list?author=5c4a6b17c81cb7496c3570f4 HTTP/1.1" 304 - "http://localhost:9000/document/my" "Mozilla/5.0 (Macintosh; Intel Mac OS X 10_14_0) AppleWebKit/537.36 (KHTML, like Gecko) Chrome/71.0.3578.98 Safari/537.36"
[2019-01-28 17:58:26.260] [INFO] console - [ [ { object: [Object], key: undefined },
    { object: [Object], key: undefined } ] ] 'results'
[2019-01-28 17:58:26.263] [WARN] http - undefined - - "GET /posts/list?author=5c4a6b17c81cb7496c3570f4 HTTP/1.1" 304 - "http://localhost:9000/document/my" "Mozilla/5.0 (Macintosh; Intel Mac OS X 10_14_0) AppleWebKit/537.36 (KHTML, like Gecko) Chrome/71.0.3578.98 Safari/537.36"
[2019-01-28 17:58:40.249] [INFO] console - [ [ { object: [Object], key: undefined },
    { object: [Object], key: undefined } ] ] 'results'
[2019-01-28 17:58:40.251] [WARN] http - undefined - - "GET /posts/list?author=5c4a6b17c81cb7496c3570f4 HTTP/1.1" 304 - "http://localhost:9000/document/my" "Mozilla/5.0 (Macintosh; Intel Mac OS X 10_14_0) AppleWebKit/537.36 (KHTML, like Gecko) Chrome/71.0.3578.98 Safari/537.36"
[2019-01-28 17:58:43.154] [INFO] console - [ [ { object: [Object], key: undefined },
    { object: [Object], key: undefined } ] ] 'results'
[2019-01-28 17:58:43.156] [WARN] http - undefined - - "GET /posts/getPost?id=5c4ed19ba88b3def41a39e33 HTTP/1.1" 304 - "http://localhost:9000/document/my" "Mozilla/5.0 (Macintosh; Intel Mac OS X 10_14_0) AppleWebKit/537.36 (KHTML, like Gecko) Chrome/71.0.3578.98 Safari/537.36"
[2019-01-28 17:58:47.520] [INFO] console - [ [ { object: [Object], key: undefined },
    { object: [Object], key: undefined } ] ] 'results'
[2019-01-28 17:58:47.524] [WARN] http - undefined - - "GET /posts/getPost?id=5c4ece48a88b3def41a39e32 HTTP/1.1" 304 - "http://localhost:9000/document/my" "Mozilla/5.0 (Macintosh; Intel Mac OS X 10_14_0) AppleWebKit/537.36 (KHTML, like Gecko) Chrome/71.0.3578.98 Safari/537.36"
[2019-01-28 17:59:40.887] [INFO] console - [ [ { object: [Object], key: undefined },
    { object: [Object], key: undefined } ] ] 'results'
[2019-01-28 17:59:40.891] [WARN] http - undefined - - "GET /posts/list?author=5c4a6b17c81cb7496c3570f4 HTTP/1.1" 304 - "http://localhost:9000/document/my" "Mozilla/5.0 (Macintosh; Intel Mac OS X 10_14_0) AppleWebKit/537.36 (KHTML, like Gecko) Chrome/71.0.3578.98 Safari/537.36"
[2019-01-28 17:59:53.944] [INFO] console - [ [ { object: [Object], key: undefined },
    { object: [Object], key: undefined } ] ] 'results'
[2019-01-28 17:59:53.946] [WARN] http - undefined - - "GET /posts/list?author=5c4a6b17c81cb7496c3570f4 HTTP/1.1" 304 - "http://localhost:9000/document/my" "Mozilla/5.0 (Macintosh; Intel Mac OS X 10_14_0) AppleWebKit/537.36 (KHTML, like Gecko) Chrome/71.0.3578.98 Safari/537.36"
[2019-01-28 17:59:55.442] [INFO] console - [ [ { object: [Object], key: undefined },
    { object: [Object], key: undefined } ] ] 'results'
[2019-01-28 17:59:55.444] [WARN] http - undefined - - "GET /posts/getPost?id=5c4ed19ba88b3def41a39e33 HTTP/1.1" 304 - "http://localhost:9000/document/my" "Mozilla/5.0 (Macintosh; Intel Mac OS X 10_14_0) AppleWebKit/537.36 (KHTML, like Gecko) Chrome/71.0.3578.98 Safari/537.36"
[2019-01-28 17:59:58.186] [INFO] console - [ [ { object: [Object], key: undefined },
    { object: [Object], key: undefined } ] ] 'results'
[2019-01-28 17:59:58.190] [WARN] http - undefined - - "GET /posts/getPost?id=5c4ece48a88b3def41a39e32 HTTP/1.1" 304 - "http://localhost:9000/document/my" "Mozilla/5.0 (Macintosh; Intel Mac OS X 10_14_0) AppleWebKit/537.36 (KHTML, like Gecko) Chrome/71.0.3578.98 Safari/537.36"
[2019-01-28 18:00:00.888] [INFO] console - [ [ { object: [Object], key: undefined },
    { object: [Object], key: undefined } ] ] 'results'
[2019-01-28 18:00:00.890] [WARN] http - undefined - - "GET /posts/getPost?id=5c4ed19ba88b3def41a39e33 HTTP/1.1" 304 - "http://localhost:9000/document/my" "Mozilla/5.0 (Macintosh; Intel Mac OS X 10_14_0) AppleWebKit/537.36 (KHTML, like Gecko) Chrome/71.0.3578.98 Safari/537.36"
[2019-01-28 18:00:03.428] [INFO] console - [ [ { object: [Object], key: undefined },
    { object: [Object], key: undefined } ] ] 'results'
[2019-01-28 18:00:03.431] [WARN] http - undefined - - "GET /posts/getPost?id=5c4ece48a88b3def41a39e32 HTTP/1.1" 304 - "http://localhost:9000/document/my" "Mozilla/5.0 (Macintosh; Intel Mac OS X 10_14_0) AppleWebKit/537.36 (KHTML, like Gecko) Chrome/71.0.3578.98 Safari/537.36"
[2019-01-28 18:00:10.787] [INFO] console - [ [ { object: [Object], key: undefined },
    { object: [Object], key: undefined } ] ] 'results'
[2019-01-28 18:00:10.790] [WARN] http - undefined - - "GET /posts/list?author=5c4a6b17c81cb7496c3570f4 HTTP/1.1" 304 - "http://localhost:9000/document/my" "Mozilla/5.0 (Macintosh; Intel Mac OS X 10_14_0) AppleWebKit/537.36 (KHTML, like Gecko) Chrome/71.0.3578.98 Safari/537.36"
[2019-01-28 18:00:25.573] [INFO] console - [ [ { object: [Object], key: undefined },
    { object: [Object], key: undefined } ] ] 'results'
[2019-01-28 18:00:25.576] [WARN] http - undefined - - "GET /posts/list?author=5c4a6b17c81cb7496c3570f4 HTTP/1.1" 304 - "http://localhost:9000/document/my" "Mozilla/5.0 (Macintosh; Intel Mac OS X 10_14_0) AppleWebKit/537.36 (KHTML, like Gecko) Chrome/71.0.3578.98 Safari/537.36"
[2019-01-28 18:00:27.514] [INFO] console - [ [ { object: [Object], key: undefined },
    { object: [Object], key: undefined } ] ] 'results'
[2019-01-28 18:00:27.516] [WARN] http - undefined - - "GET /posts/getPost?id=5c4ed19ba88b3def41a39e33 HTTP/1.1" 304 - "http://localhost:9000/document/my" "Mozilla/5.0 (Macintosh; Intel Mac OS X 10_14_0) AppleWebKit/537.36 (KHTML, like Gecko) Chrome/71.0.3578.98 Safari/537.36"
[2019-01-28 18:00:29.629] [INFO] console - [ [ { object: [Object], key: undefined },
    { object: [Object], key: undefined } ] ] 'results'
[2019-01-28 18:00:29.632] [WARN] http - undefined - - "GET /posts/getPost?id=5c4ece48a88b3def41a39e32 HTTP/1.1" 304 - "http://localhost:9000/document/my" "Mozilla/5.0 (Macintosh; Intel Mac OS X 10_14_0) AppleWebKit/537.36 (KHTML, like Gecko) Chrome/71.0.3578.98 Safari/537.36"
[2019-01-28 18:00:36.996] [INFO] console - [ [ { object: [Object], key: undefined },
    { object: [Object], key: undefined } ] ] 'results'
[2019-01-28 18:00:36.998] [WARN] http - undefined - - "GET /posts/list?author=5c4a6b17c81cb7496c3570f4 HTTP/1.1" 304 - "http://localhost:9000/document/my" "Mozilla/5.0 (Macintosh; Intel Mac OS X 10_14_0) AppleWebKit/537.36 (KHTML, like Gecko) Chrome/71.0.3578.98 Safari/537.36"
[2019-01-28 18:00:37.934] [INFO] console - [ [ { object: [Object], key: undefined },
    { object: [Object], key: undefined } ] ] 'results'
[2019-01-28 18:00:37.937] [WARN] http - undefined - - "GET /posts/getPost?id=5c4ed19ba88b3def41a39e33 HTTP/1.1" 304 - "http://localhost:9000/document/my" "Mozilla/5.0 (Macintosh; Intel Mac OS X 10_14_0) AppleWebKit/537.36 (KHTML, like Gecko) Chrome/71.0.3578.98 Safari/537.36"
[2019-01-28 18:00:39.479] [INFO] console - [ [ { object: [Object], key: undefined },
    { object: [Object], key: undefined } ] ] 'results'
[2019-01-28 18:00:39.489] [WARN] http - undefined - - "GET /posts/getPost?id=5c4ece48a88b3def41a39e32 HTTP/1.1" 304 - "http://localhost:9000/document/my" "Mozilla/5.0 (Macintosh; Intel Mac OS X 10_14_0) AppleWebKit/537.36 (KHTML, like Gecko) Chrome/71.0.3578.98 Safari/537.36"
[2019-01-28 18:00:42.165] [INFO] console - [ [ { object: [Object], key: undefined },
    { object: [Object], key: undefined } ] ] 'results'
[2019-01-28 18:00:42.167] [WARN] http - undefined - - "GET /posts/getPost?id=5c4ed19ba88b3def41a39e33 HTTP/1.1" 304 - "http://localhost:9000/document/my" "Mozilla/5.0 (Macintosh; Intel Mac OS X 10_14_0) AppleWebKit/537.36 (KHTML, like Gecko) Chrome/71.0.3578.98 Safari/537.36"
[2019-01-28 18:00:43.881] [INFO] console - [ [ { object: [Object], key: undefined },
    { object: [Object], key: undefined } ] ] 'results'
[2019-01-28 18:00:43.883] [WARN] http - undefined - - "GET /posts/getPost?id=5c4ece48a88b3def41a39e32 HTTP/1.1" 304 - "http://localhost:9000/document/my" "Mozilla/5.0 (Macintosh; Intel Mac OS X 10_14_0) AppleWebKit/537.36 (KHTML, like Gecko) Chrome/71.0.3578.98 Safari/537.36"
[2019-01-28 18:00:50.284] [INFO] console - [ [ { object: [Object], key: undefined },
    { object: [Object], key: undefined } ] ] 'results'
[2019-01-28 18:00:50.287] [WARN] http - undefined - - "GET /posts/list?author=5c4a6b17c81cb7496c3570f4 HTTP/1.1" 304 - "http://localhost:9000/document/my" "Mozilla/5.0 (Macintosh; Intel Mac OS X 10_14_0) AppleWebKit/537.36 (KHTML, like Gecko) Chrome/71.0.3578.98 Safari/537.36"
[2019-01-28 18:00:51.322] [INFO] console - [ [ { object: [Object], key: undefined },
    { object: [Object], key: undefined } ] ] 'results'
[2019-01-28 18:00:51.325] [WARN] http - undefined - - "GET /posts/getPost?id=5c4ed19ba88b3def41a39e33 HTTP/1.1" 304 - "http://localhost:9000/document/my" "Mozilla/5.0 (Macintosh; Intel Mac OS X 10_14_0) AppleWebKit/537.36 (KHTML, like Gecko) Chrome/71.0.3578.98 Safari/537.36"
[2019-01-28 18:00:53.473] [INFO] console - [ [ { object: [Object], key: undefined },
    { object: [Object], key: undefined } ] ] 'results'
[2019-01-28 18:00:53.476] [WARN] http - undefined - - "GET /posts/getPost?id=5c4ece48a88b3def41a39e32 HTTP/1.1" 304 - "http://localhost:9000/document/my" "Mozilla/5.0 (Macintosh; Intel Mac OS X 10_14_0) AppleWebKit/537.36 (KHTML, like Gecko) Chrome/71.0.3578.98 Safari/537.36"
[2019-01-28 18:01:04.197] [INFO] console - [ [ { object: [Object], key: undefined },
    { object: [Object], key: undefined } ] ] 'results'
[2019-01-28 18:01:04.200] [WARN] http - undefined - - "GET /posts/list?author=5c4a6b17c81cb7496c3570f4 HTTP/1.1" 304 - "http://localhost:9000/document/my" "Mozilla/5.0 (Macintosh; Intel Mac OS X 10_14_0) AppleWebKit/537.36 (KHTML, like Gecko) Chrome/71.0.3578.98 Safari/537.36"
[2019-01-28 18:01:19.670] [INFO] console - [ [ { object: [Object], key: undefined },
    { object: [Object], key: undefined } ] ] 'results'
[2019-01-28 18:01:19.674] [WARN] http - undefined - - "GET /posts/list?author=5c4a6b17c81cb7496c3570f4 HTTP/1.1" 304 - "http://localhost:9000/document/my" "Mozilla/5.0 (Macintosh; Intel Mac OS X 10_14_0) AppleWebKit/537.36 (KHTML, like Gecko) Chrome/71.0.3578.98 Safari/537.36"
[2019-01-28 18:01:23.333] [INFO] console - [ [ { object: [Object], key: undefined },
    { object: [Object], key: undefined } ] ] 'results'
[2019-01-28 18:01:23.335] [WARN] http - undefined - - "GET /posts/getPost?id=5c4ed19ba88b3def41a39e33 HTTP/1.1" 304 - "http://localhost:9000/document/my" "Mozilla/5.0 (Macintosh; Intel Mac OS X 10_14_0) AppleWebKit/537.36 (KHTML, like Gecko) Chrome/71.0.3578.98 Safari/537.36"
[2019-01-28 18:01:25.278] [INFO] console - [ [ { object: [Object], key: undefined },
    { object: [Object], key: undefined } ] ] 'results'
[2019-01-28 18:01:25.281] [WARN] http - undefined - - "GET /posts/getPost?id=5c4ece48a88b3def41a39e32 HTTP/1.1" 304 - "http://localhost:9000/document/my" "Mozilla/5.0 (Macintosh; Intel Mac OS X 10_14_0) AppleWebKit/537.36 (KHTML, like Gecko) Chrome/71.0.3578.98 Safari/537.36"
[2019-01-28 18:01:28.111] [INFO] console - [ [ { object: [Object], key: undefined },
    { object: [Object], key: undefined } ] ] 'results'
[2019-01-28 18:01:28.117] [WARN] http - undefined - - "GET /posts/getPost?id=5c4ed19ba88b3def41a39e33 HTTP/1.1" 304 - "http://localhost:9000/document/my" "Mozilla/5.0 (Macintosh; Intel Mac OS X 10_14_0) AppleWebKit/537.36 (KHTML, like Gecko) Chrome/71.0.3578.98 Safari/537.36"
[2019-01-28 18:01:30.050] [INFO] console - [ [ { object: [Object], key: undefined },
    { object: [Object], key: undefined } ] ] 'results'
[2019-01-28 18:01:30.053] [WARN] http - undefined - - "GET /posts/getPost?id=5c4ece48a88b3def41a39e32 HTTP/1.1" 304 - "http://localhost:9000/document/my" "Mozilla/5.0 (Macintosh; Intel Mac OS X 10_14_0) AppleWebKit/537.36 (KHTML, like Gecko) Chrome/71.0.3578.98 Safari/537.36"
[2019-01-28 19:01:19.474] [INFO] console - [ [ { object: [Object], key: undefined },
    { object: [Object], key: undefined } ] ] 'results'
[2019-01-28 19:01:19.483] [WARN] http - undefined - - "GET /posts/getPost?id=5c4ece48a88b3def41a39e32 HTTP/1.1" 304 - "http://localhost:9000/document/my" "Mozilla/5.0 (Macintosh; Intel Mac OS X 10_14_0) AppleWebKit/537.36 (KHTML, like Gecko) Chrome/71.0.3578.98 Safari/537.36"
[2019-01-28 19:01:25.035] [INFO] console - [ [ { object: [Object], key: undefined },
    { object: [Object], key: undefined } ] ] 'results'
[2019-01-28 19:01:25.038] [WARN] http - undefined - - "GET /posts/getPost?id=5c4ece48a88b3def41a39e32 HTTP/1.1" 304 - "http://localhost:9000/document/my" "Mozilla/5.0 (Macintosh; Intel Mac OS X 10_14_0) AppleWebKit/537.36 (KHTML, like Gecko) Chrome/71.0.3578.98 Safari/537.36"
[2019-01-28 19:08:51.073] [INFO] console - [ [ { object: [Object], key: undefined },
    { object: [Object], key: undefined } ],
  [ { object: [Object], key: undefined },
    { object: [Object], key: undefined } ],
  { object: 
     { content: '##react组件传值，大概有下面几种方法：\n- props\n- context\n- redux\n- react-router 路由切换时通过url传值（少量非机密数据，其实也是props传）。\n\n##今天记录一下通过redux来传值的实现。\n我们先写一个createAction的函数：\n```\nexport function setAnalysisParams(params) {\n  return {\n    type: SET_ANALYSIS_PARAMS,\n    result: params\n  }\n}\n```\n在reducer里面：\n```\nexport default function reducer(state = initialState, action = {}) {\n  switch (action.type) {\n    case SET_ANALYSIS_PARAMS:\n      return {\n        ...state,\n        params: action.result\n      };\n    default:\n      return state;\n  }\n```\n当action触发reducer时，会把action的result传给reducer的params。写好这里，我们就可以在组件中传给adction params了。\n```\n@connect(\n  () => ({\n  }),\n  {\n    setAnalysisParams\n  })\n```\n先把actionCreator拿出来。\n在组件的某个需要的地方，可以直接向它传我们要放进redux里的数据：\n```\nthis.props.setAnalysisParams({\n        someModels\n      });\n```\n这时，我们就可以在另外一个组件中取到刚刚放进去的数据。\n另外一个组件：\n```\n@connect(\n  state => ({\n    example: state.clinic.params\n  }),\n  {}\n)\n```\n把redux中的params数据映射到example上。\n下面，就可以用了：\n```\n const {someNames, ...} = this.props.example; //取出数据名\n```\n以上，就实现了redux来传值的方法。适合非父子组件且嵌套关系复杂的组件之间数据的传递。\n\n\n' },
    key: undefined } ] 'results'
[2019-01-28 19:08:51.098] [INFO] http - ::ffff:127.0.0.1 - - "POST /posts/create HTTP/1.1" 200 13 "http://localhost:9000/document/new" "Mozilla/5.0 (Macintosh; Intel Mac OS X 10_14_0) AppleWebKit/537.36 (KHTML, like Gecko) Chrome/71.0.3578.98 Safari/537.36"
[2019-01-28 19:08:52.901] [INFO] console - [ [ { object: [Object], key: undefined },
    { object: [Object], key: undefined } ] ] 'results'
[2019-01-28 19:08:52.910] [INFO] http - ::ffff:127.0.0.1 - - "GET /posts/list?author=5c4a6b17c81cb7496c3570f4 HTTP/1.1" 200 568 "http://localhost:9000/document/my" "Mozilla/5.0 (Macintosh; Intel Mac OS X 10_14_0) AppleWebKit/537.36 (KHTML, like Gecko) Chrome/71.0.3578.98 Safari/537.36"
[2019-01-28 19:08:56.471] [INFO] console - [ [ { object: [Object], key: undefined },
    { object: [Object], key: undefined } ] ] 'results'
[2019-01-28 19:08:56.473] [INFO] http - ::ffff:127.0.0.1 - - "GET /posts/getPost?id=5c4ee2c3a88b3def41a39e34 HTTP/1.1" 200 1717 "http://localhost:9000/document/my" "Mozilla/5.0 (Macintosh; Intel Mac OS X 10_14_0) AppleWebKit/537.36 (KHTML, like Gecko) Chrome/71.0.3578.98 Safari/537.36"
[2019-01-28 19:12:36.750] [INFO] console - [ [ { object: [Object], key: undefined },
    { object: [Object], key: undefined } ] ] 'results'
[2019-01-28 19:12:36.763] [WARN] http - undefined - - "GET /posts/getPost?id=5c4ed19ba88b3def41a39e33 HTTP/1.1" 304 - "http://localhost:9000/document/my" "Mozilla/5.0 (Macintosh; Intel Mac OS X 10_14_0) AppleWebKit/537.36 (KHTML, like Gecko) Chrome/71.0.3578.98 Safari/537.36"
[2019-01-28 19:13:08.158] [INFO] console - [ [ { object: [Object], key: undefined },
    { object: [Object], key: undefined } ] ] 'results'
[2019-01-28 19:13:08.164] [WARN] http - undefined - - "GET /posts/list?author=5c4a6b17c81cb7496c3570f4 HTTP/1.1" 304 - "http://localhost:9000/document/my" "Mozilla/5.0 (Macintosh; Intel Mac OS X 10_14_0) AppleWebKit/537.36 (KHTML, like Gecko) Chrome/71.0.3578.98 Safari/537.36"
[2019-01-28 19:13:12.559] [INFO] console - [ [ { object: [Object], key: undefined },
    { object: [Object], key: undefined } ] ] 'results'
[2019-01-28 19:13:12.562] [WARN] http - undefined - - "GET /posts/getPost?id=5c4ee2c3a88b3def41a39e34 HTTP/1.1" 304 - "http://localhost:9000/document/my" "Mozilla/5.0 (Macintosh; Intel Mac OS X 10_14_0) AppleWebKit/537.36 (KHTML, like Gecko) Chrome/71.0.3578.98 Safari/537.36"
[2019-01-28 19:15:16.524] [INFO] console - [ [ { object: [Object], key: undefined },
    { object: [Object], key: undefined } ] ] 'results'
[2019-01-28 19:15:16.532] [WARN] http - undefined - - "GET /posts/list?author=5c4a6b17c81cb7496c3570f4 HTTP/1.1" 304 - "http://localhost:9000/document/my" "Mozilla/5.0 (Macintosh; Intel Mac OS X 10_14_0) AppleWebKit/537.36 (KHTML, like Gecko) Chrome/71.0.3578.98 Safari/537.36"
[2019-01-28 19:15:32.803] [INFO] console - [ [ { object: [Object], key: undefined },
    { object: [Object], key: undefined } ] ] 'results'
[2019-01-28 19:15:32.808] [WARN] http - undefined - - "GET /posts/getPost?id=5c4ed19ba88b3def41a39e33 HTTP/1.1" 304 - "http://localhost:9000/document/my" "Mozilla/5.0 (Macintosh; Intel Mac OS X 10_14_0) AppleWebKit/537.36 (KHTML, like Gecko) Chrome/71.0.3578.98 Safari/537.36"
